
         /\      Grafana   /‾‾/  
    /\  /  \     |\  __   /  /   
   /  \/    \    | |/ /  /   ‾‾\ 
  /          \   |   (  |  (‾)  |
 / __________ \  |_|\_\  \_____/ 


     execution: local
        script: /root/digit-load-tests/k6/scenarios/ramp-10vu.js
        output: csv (/root/digit-load-tests/results/20260315-121705_prod_baseline_ramp-10vu/metrics.csv), json (/root/digit-load-tests/results/20260315-121705_prod_baseline_ramp-10vu/k6-output.json)

     scenarios: (100.00%) 2 scenarios, 10 max VUs, 10m30s max duration (incl. graceful stop):
              * warmup: 2 looping VUs for 2m0s (exec: warmupFn, gracefulStop: 30s)
              * main: Up to 10 looping VUs for 8m0s over 3 stages (gracefulRampDown: 30s, exec: mainFn, startTime: 2m0s, gracefulStop: 30s)

time="2026-03-15T12:17:05Z" level=warning msg="Error from API server" error="listen tcp 127.0.0.1:6565: bind: address already in use"

running (00m01.0s), 02/10 VUs, 0 complete and 0 interrupted iterations
warmup   [   1% ] 2 VUs    0m01.0s/2m0s
main   • [   0% ] waiting  1m59.0s

running (00m02.0s), 02/10 VUs, 0 complete and 0 interrupted iterations
warmup   [   2% ] 2 VUs    0m02.0s/2m0s
main   • [   0% ] waiting  1m58.0s

running (00m03.0s), 02/10 VUs, 0 complete and 0 interrupted iterations
warmup   [   2% ] 2 VUs    0m03.0s/2m0s
main   • [   0% ] waiting  1m57.0s

running (00m04.0s), 02/10 VUs, 0 complete and 0 interrupted iterations
warmup   [   3% ] 2 VUs    0m04.0s/2m0s
main   • [   0% ] waiting  1m56.0s

running (00m05.0s), 02/10 VUs, 0 complete and 0 interrupted iterations
warmup   [   4% ] 2 VUs    0m05.0s/2m0s
main   • [   0% ] waiting  1m55.0s

running (00m06.0s), 02/10 VUs, 0 complete and 0 interrupted iterations
warmup   [   5% ] 2 VUs    0m06.0s/2m0s
main   • [   0% ] waiting  1m54.0s

running (00m07.0s), 02/10 VUs, 0 complete and 0 interrupted iterations
warmup   [   6% ] 2 VUs    0m07.0s/2m0s
main   • [   0% ] waiting  1m53.0s

running (00m08.0s), 02/10 VUs, 0 complete and 0 interrupted iterations
warmup   [   7% ] 2 VUs    0m08.0s/2m0s
main   • [   0% ] waiting  1m52.0s

running (00m09.0s), 02/10 VUs, 0 complete and 0 interrupted iterations
warmup   [   7% ] 2 VUs    0m09.0s/2m0s
main   • [   0% ] waiting  1m51.0s

running (00m10.0s), 02/10 VUs, 1 complete and 0 interrupted iterations
warmup   [   8% ] 2 VUs    0m10.0s/2m0s
main   • [   0% ] waiting  1m50.0s

running (00m11.0s), 02/10 VUs, 2 complete and 0 interrupted iterations
warmup   [   9% ] 2 VUs    0m11.0s/2m0s
main   • [   0% ] waiting  1m49.0s

running (00m12.0s), 02/10 VUs, 2 complete and 0 interrupted iterations
warmup   [  10% ] 2 VUs    0m12.0s/2m0s
main   • [   0% ] waiting  1m48.0s

running (00m13.0s), 02/10 VUs, 2 complete and 0 interrupted iterations
warmup   [  11% ] 2 VUs    0m13.0s/2m0s
main   • [   0% ] waiting  1m47.0s

running (00m14.0s), 02/10 VUs, 2 complete and 0 interrupted iterations
warmup   [  12% ] 2 VUs    0m14.0s/2m0s
main   • [   0% ] waiting  1m46.0s

running (00m15.0s), 02/10 VUs, 2 complete and 0 interrupted iterations
warmup   [  12% ] 2 VUs    0m15.0s/2m0s
main   • [   0% ] waiting  1m45.0s

running (00m16.0s), 02/10 VUs, 2 complete and 0 interrupted iterations
warmup   [  13% ] 2 VUs    0m16.0s/2m0s
main   • [   0% ] waiting  1m44.0s

running (00m17.0s), 02/10 VUs, 4 complete and 0 interrupted iterations
warmup   [  14% ] 2 VUs    0m17.0s/2m0s
main   • [   0% ] waiting  1m43.0s

running (00m18.0s), 02/10 VUs, 4 complete and 0 interrupted iterations
warmup   [  15% ] 2 VUs    0m18.0s/2m0s
main   • [   0% ] waiting  1m42.0s

running (00m19.0s), 02/10 VUs, 4 complete and 0 interrupted iterations
warmup   [  16% ] 2 VUs    0m19.0s/2m0s
main   • [   0% ] waiting  1m41.0s

running (00m20.0s), 02/10 VUs, 4 complete and 0 interrupted iterations
warmup   [  17% ] 2 VUs    0m20.0s/2m0s
main   • [   0% ] waiting  1m40.0s

running (00m21.0s), 02/10 VUs, 4 complete and 0 interrupted iterations
warmup   [  17% ] 2 VUs    0m21.0s/2m0s
main   • [   0% ] waiting  1m39.0s

running (00m22.0s), 02/10 VUs, 4 complete and 0 interrupted iterations
warmup   [  18% ] 2 VUs    0m22.0s/2m0s
main   • [   0% ] waiting  1m38.0s

running (00m23.0s), 02/10 VUs, 4 complete and 0 interrupted iterations
warmup   [  19% ] 2 VUs    0m23.0s/2m0s
main   • [   0% ] waiting  1m37.0s

running (00m24.0s), 02/10 VUs, 4 complete and 0 interrupted iterations
warmup   [  20% ] 2 VUs    0m24.0s/2m0s
main   • [   0% ] waiting  1m36.0s

running (00m25.0s), 02/10 VUs, 5 complete and 0 interrupted iterations
warmup   [  21% ] 2 VUs    0m25.0s/2m0s
main   • [   0% ] waiting  1m35.0s

running (00m26.0s), 02/10 VUs, 5 complete and 0 interrupted iterations
warmup   [  22% ] 2 VUs    0m26.0s/2m0s
main   • [   0% ] waiting  1m34.0s

running (00m27.0s), 02/10 VUs, 6 complete and 0 interrupted iterations
warmup   [  22% ] 2 VUs    0m27.0s/2m0s
main   • [   0% ] waiting  1m33.0s

running (00m28.0s), 02/10 VUs, 6 complete and 0 interrupted iterations
warmup   [  23% ] 2 VUs    0m28.0s/2m0s
main   • [   0% ] waiting  1m32.0s

running (00m29.0s), 02/10 VUs, 6 complete and 0 interrupted iterations
warmup   [  24% ] 2 VUs    0m29.0s/2m0s
main   • [   0% ] waiting  1m31.0s

running (00m30.0s), 02/10 VUs, 6 complete and 0 interrupted iterations
warmup   [  25% ] 2 VUs    0m30.0s/2m0s
main   • [   0% ] waiting  1m30.0s

running (00m31.0s), 02/10 VUs, 6 complete and 0 interrupted iterations
warmup   [  26% ] 2 VUs    0m31.0s/2m0s
main   • [   0% ] waiting  1m29.0s

running (00m32.0s), 02/10 VUs, 6 complete and 0 interrupted iterations
warmup   [  27% ] 2 VUs    0m32.0s/2m0s
main   • [   0% ] waiting  1m28.0s

running (00m33.0s), 02/10 VUs, 7 complete and 0 interrupted iterations
warmup   [  27% ] 2 VUs    0m33.0s/2m0s
main   • [   0% ] waiting  1m27.0s

running (00m34.0s), 02/10 VUs, 7 complete and 0 interrupted iterations
warmup   [  28% ] 2 VUs    0m34.0s/2m0s
main   • [   0% ] waiting  1m26.0s

running (00m35.0s), 02/10 VUs, 7 complete and 0 interrupted iterations
warmup   [  29% ] 2 VUs    0m35.0s/2m0s
main   • [   0% ] waiting  1m25.0s

running (00m36.0s), 02/10 VUs, 7 complete and 0 interrupted iterations
warmup   [  30% ] 2 VUs    0m36.0s/2m0s
main   • [   0% ] waiting  1m24.0s

running (00m37.0s), 02/10 VUs, 8 complete and 0 interrupted iterations
warmup   [  31% ] 2 VUs    0m37.0s/2m0s
main   • [   0% ] waiting  1m23.0s

running (00m38.0s), 02/10 VUs, 8 complete and 0 interrupted iterations
warmup   [  32% ] 2 VUs    0m38.0s/2m0s
main   • [   0% ] waiting  1m22.0s

running (00m39.0s), 02/10 VUs, 8 complete and 0 interrupted iterations
warmup   [  32% ] 2 VUs    0m39.0s/2m0s
main   • [   0% ] waiting  1m21.0s

running (00m40.0s), 02/10 VUs, 8 complete and 0 interrupted iterations
warmup   [  33% ] 2 VUs    0m40.0s/2m0s
main   • [   0% ] waiting  1m20.0s

running (00m41.0s), 02/10 VUs, 9 complete and 0 interrupted iterations
warmup   [  34% ] 2 VUs    0m41.0s/2m0s
main   • [   0% ] waiting  1m19.0s

running (00m42.0s), 02/10 VUs, 9 complete and 0 interrupted iterations
warmup   [  35% ] 2 VUs    0m42.0s/2m0s
main   • [   0% ] waiting  1m18.0s

running (00m43.0s), 02/10 VUs, 9 complete and 0 interrupted iterations
warmup   [  36% ] 2 VUs    0m43.0s/2m0s
main   • [   0% ] waiting  1m17.0s

running (00m44.0s), 02/10 VUs, 9 complete and 0 interrupted iterations
warmup   [  37% ] 2 VUs    0m44.0s/2m0s
main   • [   0% ] waiting  1m16.0s

running (00m45.0s), 02/10 VUs, 10 complete and 0 interrupted iterations
warmup   [  37% ] 2 VUs    0m45.0s/2m0s
main   • [   0% ] waiting  1m15.0s

running (00m46.0s), 02/10 VUs, 10 complete and 0 interrupted iterations
warmup   [  38% ] 2 VUs    0m46.0s/2m0s
main   • [   0% ] waiting  1m14.0s

running (00m47.0s), 02/10 VUs, 10 complete and 0 interrupted iterations
warmup   [  39% ] 2 VUs    0m47.0s/2m0s
main   • [   0% ] waiting  1m13.0s

running (00m48.0s), 02/10 VUs, 10 complete and 0 interrupted iterations
warmup   [  40% ] 2 VUs    0m48.0s/2m0s
main   • [   0% ] waiting  1m12.0s

running (00m49.0s), 02/10 VUs, 11 complete and 0 interrupted iterations
warmup   [  41% ] 2 VUs    0m49.0s/2m0s
main   • [   0% ] waiting  1m11.0s

running (00m50.0s), 02/10 VUs, 11 complete and 0 interrupted iterations
warmup   [  42% ] 2 VUs    0m50.0s/2m0s
main   • [   0% ] waiting  1m10.0s

running (00m51.0s), 02/10 VUs, 11 complete and 0 interrupted iterations
warmup   [  42% ] 2 VUs    0m51.0s/2m0s
main   • [   0% ] waiting  1m09.0s

running (00m52.0s), 02/10 VUs, 11 complete and 0 interrupted iterations
warmup   [  43% ] 2 VUs    0m52.0s/2m0s
main   • [   0% ] waiting  1m08.0s

running (00m53.0s), 02/10 VUs, 11 complete and 0 interrupted iterations
warmup   [  44% ] 2 VUs    0m53.0s/2m0s
main   • [   0% ] waiting  1m07.0s

running (00m54.0s), 02/10 VUs, 12 complete and 0 interrupted iterations
warmup   [  45% ] 2 VUs    0m54.0s/2m0s
main   • [   0% ] waiting  1m06.0s

running (00m55.0s), 02/10 VUs, 12 complete and 0 interrupted iterations
warmup   [  46% ] 2 VUs    0m55.0s/2m0s
main   • [   0% ] waiting  1m05.0s

running (00m56.0s), 02/10 VUs, 13 complete and 0 interrupted iterations
warmup   [  47% ] 2 VUs    0m56.0s/2m0s
main   • [   0% ] waiting  1m04.0s

running (00m57.0s), 02/10 VUs, 13 complete and 0 interrupted iterations
warmup   [  47% ] 2 VUs    0m57.0s/2m0s
main   • [   0% ] waiting  1m03.0s

running (00m58.0s), 02/10 VUs, 13 complete and 0 interrupted iterations
warmup   [  48% ] 2 VUs    0m58.0s/2m0s
main   • [   0% ] waiting  1m02.0s

running (00m59.0s), 02/10 VUs, 13 complete and 0 interrupted iterations
warmup   [  49% ] 2 VUs    0m59.0s/2m0s
main   • [   0% ] waiting  1m01.0s

running (01m00.0s), 02/10 VUs, 13 complete and 0 interrupted iterations
warmup   [  50% ] 2 VUs    1m00.0s/2m0s
main   • [   0% ] waiting  1m00.0s

running (01m01.0s), 02/10 VUs, 13 complete and 0 interrupted iterations
warmup   [  51% ] 2 VUs    1m01.0s/2m0s
main   • [   0% ] waiting  0m59.0s

running (01m02.0s), 02/10 VUs, 13 complete and 0 interrupted iterations
warmup   [  52% ] 2 VUs    1m02.0s/2m0s
main   • [   0% ] waiting  0m58.0s

running (01m03.0s), 02/10 VUs, 13 complete and 0 interrupted iterations
warmup   [  52% ] 2 VUs    1m03.0s/2m0s
main   • [   0% ] waiting  0m57.0s

running (01m04.0s), 02/10 VUs, 15 complete and 0 interrupted iterations
warmup   [  53% ] 2 VUs    1m04.0s/2m0s
main   • [   0% ] waiting  0m56.0s

running (01m05.0s), 02/10 VUs, 15 complete and 0 interrupted iterations
warmup   [  54% ] 2 VUs    1m05.0s/2m0s
main   • [   0% ] waiting  0m55.0s

running (01m06.0s), 02/10 VUs, 15 complete and 0 interrupted iterations
warmup   [  55% ] 2 VUs    1m06.0s/2m0s
main   • [   0% ] waiting  0m54.0s

running (01m07.0s), 02/10 VUs, 15 complete and 0 interrupted iterations
warmup   [  56% ] 2 VUs    1m07.0s/2m0s
main   • [   0% ] waiting  0m53.0s

running (01m08.0s), 02/10 VUs, 15 complete and 0 interrupted iterations
warmup   [  57% ] 2 VUs    1m08.0s/2m0s
main   • [   0% ] waiting  0m52.0s

running (01m09.0s), 02/10 VUs, 15 complete and 0 interrupted iterations
warmup   [  57% ] 2 VUs    1m09.0s/2m0s
main   • [   0% ] waiting  0m51.0s

running (01m10.0s), 02/10 VUs, 15 complete and 0 interrupted iterations
warmup   [  58% ] 2 VUs    1m10.0s/2m0s
main   • [   0% ] waiting  0m50.0s

running (01m11.0s), 02/10 VUs, 16 complete and 0 interrupted iterations
warmup   [  59% ] 2 VUs    1m11.0s/2m0s
main   • [   0% ] waiting  0m49.0s

running (01m12.0s), 02/10 VUs, 16 complete and 0 interrupted iterations
warmup   [  60% ] 2 VUs    1m12.0s/2m0s
main   • [   0% ] waiting  0m48.0s

running (01m13.0s), 02/10 VUs, 17 complete and 0 interrupted iterations
warmup   [  61% ] 2 VUs    1m13.0s/2m0s
main   • [   0% ] waiting  0m47.0s

running (01m14.0s), 02/10 VUs, 17 complete and 0 interrupted iterations
warmup   [  62% ] 2 VUs    1m14.0s/2m0s
main   • [   0% ] waiting  0m46.0s

running (01m15.0s), 02/10 VUs, 17 complete and 0 interrupted iterations
warmup   [  62% ] 2 VUs    1m15.0s/2m0s
main   • [   0% ] waiting  0m45.0s

running (01m16.0s), 02/10 VUs, 17 complete and 0 interrupted iterations
warmup   [  63% ] 2 VUs    1m16.0s/2m0s
main   • [   0% ] waiting  0m44.0s

running (01m17.0s), 02/10 VUs, 17 complete and 0 interrupted iterations
warmup   [  64% ] 2 VUs    1m17.0s/2m0s
main   • [   0% ] waiting  0m43.0s

running (01m18.0s), 02/10 VUs, 17 complete and 0 interrupted iterations
warmup   [  65% ] 2 VUs    1m18.0s/2m0s
main   • [   0% ] waiting  0m42.0s

running (01m19.0s), 02/10 VUs, 17 complete and 0 interrupted iterations
warmup   [  66% ] 2 VUs    1m19.0s/2m0s
main   • [   0% ] waiting  0m41.0s

running (01m20.0s), 02/10 VUs, 17 complete and 0 interrupted iterations
warmup   [  67% ] 2 VUs    1m20.0s/2m0s
main   • [   0% ] waiting  0m40.0s

running (01m21.0s), 02/10 VUs, 17 complete and 0 interrupted iterations
warmup   [  67% ] 2 VUs    1m21.0s/2m0s
main   • [   0% ] waiting  0m39.0s

running (01m22.0s), 02/10 VUs, 18 complete and 0 interrupted iterations
warmup   [  68% ] 2 VUs    1m22.0s/2m0s
main   • [   0% ] waiting  0m38.0s

running (01m23.0s), 02/10 VUs, 19 complete and 0 interrupted iterations
warmup   [  69% ] 2 VUs    1m23.0s/2m0s
main   • [   0% ] waiting  0m37.0s

running (01m24.0s), 02/10 VUs, 19 complete and 0 interrupted iterations
warmup   [  70% ] 2 VUs    1m24.0s/2m0s
main   • [   0% ] waiting  0m36.0s

running (01m25.0s), 02/10 VUs, 19 complete and 0 interrupted iterations
warmup   [  71% ] 2 VUs    1m25.0s/2m0s
main   • [   0% ] waiting  0m35.0s

running (01m26.0s), 02/10 VUs, 19 complete and 0 interrupted iterations
warmup   [  72% ] 2 VUs    1m26.0s/2m0s
main   • [   0% ] waiting  0m34.0s

running (01m27.0s), 02/10 VUs, 19 complete and 0 interrupted iterations
warmup   [  72% ] 2 VUs    1m27.0s/2m0s
main   • [   0% ] waiting  0m33.0s

running (01m28.0s), 02/10 VUs, 19 complete and 0 interrupted iterations
warmup   [  73% ] 2 VUs    1m28.0s/2m0s
main   • [   0% ] waiting  0m32.0s

running (01m29.0s), 02/10 VUs, 19 complete and 0 interrupted iterations
warmup   [  74% ] 2 VUs    1m29.0s/2m0s
main   • [   0% ] waiting  0m31.0s

running (01m30.0s), 02/10 VUs, 19 complete and 0 interrupted iterations
warmup   [  75% ] 2 VUs    1m30.0s/2m0s
main   • [   0% ] waiting  0m30.0s

running (01m31.0s), 02/10 VUs, 19 complete and 0 interrupted iterations
warmup   [  76% ] 2 VUs    1m31.0s/2m0s
main   • [   0% ] waiting  0m29.0s

running (01m32.0s), 02/10 VUs, 21 complete and 0 interrupted iterations
warmup   [  77% ] 2 VUs    1m32.0s/2m0s
main   • [   0% ] waiting  0m28.0s

running (01m33.0s), 02/10 VUs, 21 complete and 0 interrupted iterations
warmup   [  77% ] 2 VUs    1m33.0s/2m0s
main   • [   0% ] waiting  0m27.0s

running (01m34.0s), 02/10 VUs, 21 complete and 0 interrupted iterations
warmup   [  78% ] 2 VUs    1m34.0s/2m0s
main   • [   0% ] waiting  0m26.0s

running (01m35.0s), 02/10 VUs, 21 complete and 0 interrupted iterations
warmup   [  79% ] 2 VUs    1m35.0s/2m0s
main   • [   0% ] waiting  0m25.0s

running (01m36.0s), 02/10 VUs, 21 complete and 0 interrupted iterations
warmup   [  80% ] 2 VUs    1m36.0s/2m0s
main   • [   0% ] waiting  0m24.0s

running (01m37.0s), 02/10 VUs, 21 complete and 0 interrupted iterations
warmup   [  81% ] 2 VUs    1m37.0s/2m0s
main   • [   0% ] waiting  0m23.0s

running (01m38.0s), 02/10 VUs, 21 complete and 0 interrupted iterations
warmup   [  82% ] 2 VUs    1m38.0s/2m0s
main   • [   0% ] waiting  0m22.0s

running (01m39.0s), 02/10 VUs, 21 complete and 0 interrupted iterations
warmup   [  82% ] 2 VUs    1m39.0s/2m0s
main   • [   0% ] waiting  0m21.0s

running (01m40.0s), 02/10 VUs, 22 complete and 0 interrupted iterations
warmup   [  83% ] 2 VUs    1m40.0s/2m0s
main   • [   0% ] waiting  0m20.0s

running (01m41.0s), 02/10 VUs, 22 complete and 0 interrupted iterations
warmup   [  84% ] 2 VUs    1m41.0s/2m0s
main   • [   0% ] waiting  0m19.0s

running (01m42.0s), 02/10 VUs, 23 complete and 0 interrupted iterations
warmup   [  85% ] 2 VUs    1m42.0s/2m0s
main   • [   0% ] waiting  0m18.0s

running (01m43.0s), 02/10 VUs, 23 complete and 0 interrupted iterations
warmup   [  86% ] 2 VUs    1m43.0s/2m0s
main   • [   0% ] waiting  0m17.0s

running (01m44.0s), 02/10 VUs, 23 complete and 0 interrupted iterations
warmup   [  87% ] 2 VUs    1m44.0s/2m0s
main   • [   0% ] waiting  0m16.0s

running (01m45.0s), 02/10 VUs, 23 complete and 0 interrupted iterations
warmup   [  87% ] 2 VUs    1m45.0s/2m0s
main   • [   0% ] waiting  0m15.0s

running (01m46.0s), 02/10 VUs, 23 complete and 0 interrupted iterations
warmup   [  88% ] 2 VUs    1m46.0s/2m0s
main   • [   0% ] waiting  0m14.0s

running (01m47.0s), 02/10 VUs, 23 complete and 0 interrupted iterations
warmup   [  89% ] 2 VUs    1m47.0s/2m0s
main   • [   0% ] waiting  0m13.0s

running (01m48.0s), 02/10 VUs, 23 complete and 0 interrupted iterations
warmup   [  90% ] 2 VUs    1m48.0s/2m0s
main   • [   0% ] waiting  0m12.0s

running (01m49.0s), 02/10 VUs, 25 complete and 0 interrupted iterations
warmup   [  91% ] 2 VUs    1m49.0s/2m0s
main   • [   0% ] waiting  0m11.0s

running (01m50.0s), 02/10 VUs, 25 complete and 0 interrupted iterations
warmup   [  92% ] 2 VUs    1m50.0s/2m0s
main   • [   0% ] waiting  0m10.0s

running (01m51.0s), 02/10 VUs, 25 complete and 0 interrupted iterations
warmup   [  92% ] 2 VUs    1m51.0s/2m0s
main   • [   0% ] waiting  0m09.0s

running (01m52.0s), 02/10 VUs, 25 complete and 0 interrupted iterations
warmup   [  93% ] 2 VUs    1m52.0s/2m0s
main   • [   0% ] waiting  0m08.0s

running (01m53.0s), 02/10 VUs, 25 complete and 0 interrupted iterations
warmup   [  94% ] 2 VUs    1m53.0s/2m0s
main   • [   0% ] waiting  0m07.0s

running (01m54.0s), 02/10 VUs, 25 complete and 0 interrupted iterations
warmup   [  95% ] 2 VUs    1m54.0s/2m0s
main   • [   0% ] waiting  0m06.0s

running (01m55.0s), 02/10 VUs, 25 complete and 0 interrupted iterations
warmup   [  96% ] 2 VUs    1m55.0s/2m0s
main   • [   0% ] waiting  0m05.0s

running (01m56.0s), 02/10 VUs, 26 complete and 0 interrupted iterations
warmup   [  97% ] 2 VUs    1m56.0s/2m0s
main   • [   0% ] waiting  0m04.0s

running (01m57.0s), 02/10 VUs, 26 complete and 0 interrupted iterations
warmup   [  97% ] 2 VUs    1m57.0s/2m0s
main   • [   0% ] waiting  0m03.0s

running (01m58.0s), 02/10 VUs, 27 complete and 0 interrupted iterations
warmup   [  98% ] 2 VUs    1m58.0s/2m0s
main   • [   0% ] waiting  0m02.0s

running (01m59.0s), 02/10 VUs, 27 complete and 0 interrupted iterations
warmup   [  99% ] 2 VUs    1m59.0s/2m0s
main   • [   0% ] waiting  0m01.0s

running (02m00.0s), 02/10 VUs, 27 complete and 0 interrupted iterations
warmup   [ 100% ] 2 VUs    2m00.0s/2m0s
main   • [   0% ] waiting  0m00.0s

running (02m01.0s), 02/10 VUs, 27 complete and 0 interrupted iterations
warmup ↓ [ 100% ] 2 VUs      2m0s
main     [   0% ] 00/10 VUs  0m01.0s/8m00.0s

running (02m02.0s), 02/10 VUs, 27 complete and 0 interrupted iterations
warmup ↓ [ 100% ] 2 VUs      2m0s
main     [   0% ] 00/10 VUs  0m02.0s/8m00.0s

running (02m03.0s), 02/10 VUs, 27 complete and 0 interrupted iterations
warmup ↓ [ 100% ] 2 VUs      2m0s
main     [   1% ] 00/10 VUs  0m03.0s/8m00.0s

running (02m04.0s), 02/10 VUs, 27 complete and 0 interrupted iterations
warmup ↓ [ 100% ] 2 VUs      2m0s
main     [   1% ] 00/10 VUs  0m04.0s/8m00.0s

running (02m05.0s), 02/10 VUs, 27 complete and 0 interrupted iterations
warmup ↓ [ 100% ] 2 VUs      2m0s
main     [   1% ] 00/10 VUs  0m05.0s/8m00.0s

running (02m06.0s), 02/10 VUs, 27 complete and 0 interrupted iterations
warmup ↓ [ 100% ] 2 VUs      2m0s
main     [   1% ] 00/10 VUs  0m06.0s/8m00.0s

running (02m07.0s), 01/10 VUs, 28 complete and 0 interrupted iterations
warmup ↓ [ 100% ] 2 VUs      2m0s
main     [   1% ] 00/10 VUs  0m07.0s/8m00.0s

running (02m08.0s), 00/10 VUs, 29 complete and 0 interrupted iterations
warmup ✓ [ 100% ] 2 VUs      2m0s
main     [   2% ] 00/10 VUs  0m08.0s/8m00.0s

running (02m09.0s), 00/10 VUs, 29 complete and 0 interrupted iterations
warmup ✓ [ 100% ] 2 VUs      2m0s
main     [   2% ] 00/10 VUs  0m09.0s/8m00.0s

running (02m10.0s), 00/10 VUs, 29 complete and 0 interrupted iterations
warmup ✓ [ 100% ] 2 VUs      2m0s
main     [   2% ] 00/10 VUs  0m10.0s/8m00.0s

running (02m11.0s), 00/10 VUs, 29 complete and 0 interrupted iterations
warmup ✓ [ 100% ] 2 VUs      2m0s
main     [   2% ] 00/10 VUs  0m11.0s/8m00.0s

running (02m12.0s), 00/10 VUs, 29 complete and 0 interrupted iterations
warmup ✓ [ 100% ] 2 VUs      2m0s
main     [   2% ] 00/10 VUs  0m12.0s/8m00.0s

running (02m13.0s), 01/10 VUs, 29 complete and 0 interrupted iterations
warmup ✓ [ 100% ] 2 VUs      2m0s
main     [   3% ] 01/10 VUs  0m13.0s/8m00.0s

running (02m14.0s), 01/10 VUs, 29 complete and 0 interrupted iterations
warmup ✓ [ 100% ] 2 VUs      2m0s
main     [   3% ] 01/10 VUs  0m14.0s/8m00.0s

running (02m15.0s), 01/10 VUs, 29 complete and 0 interrupted iterations
warmup ✓ [ 100% ] 2 VUs      2m0s
main     [   3% ] 01/10 VUs  0m15.0s/8m00.0s

running (02m16.0s), 01/10 VUs, 29 complete and 0 interrupted iterations
warmup ✓ [ 100% ] 2 VUs      2m0s
main     [   3% ] 01/10 VUs  0m16.0s/8m00.0s

running (02m17.0s), 01/10 VUs, 29 complete and 0 interrupted iterations
warmup ✓ [ 100% ] 2 VUs      2m0s
main     [   4% ] 01/10 VUs  0m17.0s/8m00.0s

running (02m18.0s), 01/10 VUs, 29 complete and 0 interrupted iterations
warmup ✓ [ 100% ] 2 VUs      2m0s
main     [   4% ] 01/10 VUs  0m18.0s/8m00.0s

running (02m19.0s), 01/10 VUs, 29 complete and 0 interrupted iterations
warmup ✓ [ 100% ] 2 VUs      2m0s
main     [   4% ] 01/10 VUs  0m19.0s/8m00.0s

running (02m20.0s), 01/10 VUs, 29 complete and 0 interrupted iterations
warmup ✓ [ 100% ] 2 VUs      2m0s
main     [   4% ] 01/10 VUs  0m20.0s/8m00.0s

running (02m21.0s), 01/10 VUs, 29 complete and 0 interrupted iterations
warmup ✓ [ 100% ] 2 VUs      2m0s
main     [   4% ] 01/10 VUs  0m21.0s/8m00.0s

running (02m22.0s), 01/10 VUs, 30 complete and 0 interrupted iterations
warmup ✓ [ 100% ] 2 VUs      2m0s
main     [   5% ] 01/10 VUs  0m22.0s/8m00.0s

running (02m23.0s), 01/10 VUs, 30 complete and 0 interrupted iterations
warmup ✓ [ 100% ] 2 VUs      2m0s
main     [   5% ] 01/10 VUs  0m23.0s/8m00.0s

running (02m24.0s), 01/10 VUs, 30 complete and 0 interrupted iterations
warmup ✓ [ 100% ] 2 VUs      2m0s
main     [   5% ] 01/10 VUs  0m24.0s/8m00.0s

running (02m25.0s), 02/10 VUs, 30 complete and 0 interrupted iterations
warmup ✓ [ 100% ] 2 VUs      2m0s
main     [   5% ] 02/10 VUs  0m25.0s/8m00.0s

running (02m26.0s), 02/10 VUs, 30 complete and 0 interrupted iterations
warmup ✓ [ 100% ] 2 VUs      2m0s
main     [   5% ] 02/10 VUs  0m26.0s/8m00.0s

running (02m27.0s), 02/10 VUs, 30 complete and 0 interrupted iterations
warmup ✓ [ 100% ] 2 VUs      2m0s
main     [   6% ] 02/10 VUs  0m27.0s/8m00.0s

running (02m28.0s), 02/10 VUs, 30 complete and 0 interrupted iterations
warmup ✓ [ 100% ] 2 VUs      2m0s
main     [   6% ] 02/10 VUs  0m28.0s/8m00.0s

running (02m29.0s), 02/10 VUs, 30 complete and 0 interrupted iterations
warmup ✓ [ 100% ] 2 VUs      2m0s
main     [   6% ] 02/10 VUs  0m29.0s/8m00.0s

running (02m30.0s), 02/10 VUs, 30 complete and 0 interrupted iterations
warmup ✓ [ 100% ] 2 VUs      2m0s
main     [   6% ] 02/10 VUs  0m30.0s/8m00.0s

running (02m31.0s), 02/10 VUs, 31 complete and 0 interrupted iterations
warmup ✓ [ 100% ] 2 VUs      2m0s
main     [   6% ] 02/10 VUs  0m31.0s/8m00.0s

running (02m32.0s), 02/10 VUs, 31 complete and 0 interrupted iterations
warmup ✓ [ 100% ] 2 VUs      2m0s
main     [   7% ] 02/10 VUs  0m32.0s/8m00.0s

running (02m33.0s), 02/10 VUs, 31 complete and 0 interrupted iterations
warmup ✓ [ 100% ] 2 VUs      2m0s
main     [   7% ] 02/10 VUs  0m33.0s/8m00.0s

running (02m34.0s), 02/10 VUs, 32 complete and 0 interrupted iterations
warmup ✓ [ 100% ] 2 VUs      2m0s
main     [   7% ] 02/10 VUs  0m34.0s/8m00.0s

running (02m35.0s), 02/10 VUs, 32 complete and 0 interrupted iterations
warmup ✓ [ 100% ] 2 VUs      2m0s
main     [   7% ] 02/10 VUs  0m35.0s/8m00.0s

running (02m36.0s), 02/10 VUs, 32 complete and 0 interrupted iterations
warmup ✓ [ 100% ] 2 VUs      2m0s
main     [   7% ] 02/10 VUs  0m36.0s/8m00.0s

running (02m37.0s), 03/10 VUs, 32 complete and 0 interrupted iterations
warmup ✓ [ 100% ] 2 VUs      2m0s
main     [   8% ] 03/10 VUs  0m37.0s/8m00.0s

running (02m38.0s), 03/10 VUs, 33 complete and 0 interrupted iterations
warmup ✓ [ 100% ] 2 VUs      2m0s
main     [   8% ] 03/10 VUs  0m38.0s/8m00.0s

running (02m39.0s), 03/10 VUs, 33 complete and 0 interrupted iterations
warmup ✓ [ 100% ] 2 VUs      2m0s
main     [   8% ] 03/10 VUs  0m39.0s/8m00.0s

running (02m40.0s), 03/10 VUs, 33 complete and 0 interrupted iterations
warmup ✓ [ 100% ] 2 VUs      2m0s
main     [   8% ] 03/10 VUs  0m40.0s/8m00.0s

running (02m41.0s), 03/10 VUs, 33 complete and 0 interrupted iterations
warmup ✓ [ 100% ] 2 VUs      2m0s
main     [   9% ] 03/10 VUs  0m41.0s/8m00.0s

running (02m42.0s), 03/10 VUs, 33 complete and 0 interrupted iterations
warmup ✓ [ 100% ] 2 VUs      2m0s
main     [   9% ] 03/10 VUs  0m42.0s/8m00.0s

running (02m43.0s), 03/10 VUs, 33 complete and 0 interrupted iterations
warmup ✓ [ 100% ] 2 VUs      2m0s
main     [   9% ] 03/10 VUs  0m43.0s/8m00.0s

running (02m44.0s), 03/10 VUs, 33 complete and 0 interrupted iterations
warmup ✓ [ 100% ] 2 VUs      2m0s
main     [   9% ] 03/10 VUs  0m44.0s/8m00.0s

running (02m45.0s), 03/10 VUs, 34 complete and 0 interrupted iterations
warmup ✓ [ 100% ] 2 VUs      2m0s
main     [   9% ] 03/10 VUs  0m45.0s/8m00.0s

running (02m46.0s), 03/10 VUs, 34 complete and 0 interrupted iterations
warmup ✓ [ 100% ] 2 VUs      2m0s
main     [  10% ] 03/10 VUs  0m46.0s/8m00.0s

running (02m47.0s), 03/10 VUs, 35 complete and 0 interrupted iterations
warmup ✓ [ 100% ] 2 VUs      2m0s
main     [  10% ] 03/10 VUs  0m47.0s/8m00.0s

running (02m48.0s), 03/10 VUs, 36 complete and 0 interrupted iterations
warmup ✓ [ 100% ] 2 VUs      2m0s
main     [  10% ] 03/10 VUs  0m48.0s/8m00.0s

running (02m49.0s), 04/10 VUs, 36 complete and 0 interrupted iterations
warmup ✓ [ 100% ] 2 VUs      2m0s
main     [  10% ] 04/10 VUs  0m49.0s/8m00.0s

running (02m50.0s), 04/10 VUs, 36 complete and 0 interrupted iterations
warmup ✓ [ 100% ] 2 VUs      2m0s
main     [  10% ] 04/10 VUs  0m50.0s/8m00.0s

running (02m51.0s), 04/10 VUs, 36 complete and 0 interrupted iterations
warmup ✓ [ 100% ] 2 VUs      2m0s
main     [  11% ] 04/10 VUs  0m51.0s/8m00.0s

running (02m52.0s), 04/10 VUs, 36 complete and 0 interrupted iterations
warmup ✓ [ 100% ] 2 VUs      2m0s
main     [  11% ] 04/10 VUs  0m52.0s/8m00.0s

running (02m53.0s), 04/10 VUs, 36 complete and 0 interrupted iterations
warmup ✓ [ 100% ] 2 VUs      2m0s
main     [  11% ] 04/10 VUs  0m53.0s/8m00.0s

running (02m54.0s), 04/10 VUs, 38 complete and 0 interrupted iterations
warmup ✓ [ 100% ] 2 VUs      2m0s
main     [  11% ] 04/10 VUs  0m54.0s/8m00.0s

running (02m55.0s), 04/10 VUs, 38 complete and 0 interrupted iterations
warmup ✓ [ 100% ] 2 VUs      2m0s
main     [  11% ] 04/10 VUs  0m55.0s/8m00.0s

running (02m56.0s), 04/10 VUs, 39 complete and 0 interrupted iterations
warmup ✓ [ 100% ] 2 VUs      2m0s
main     [  12% ] 04/10 VUs  0m56.0s/8m00.0s

running (02m57.0s), 04/10 VUs, 40 complete and 0 interrupted iterations
warmup ✓ [ 100% ] 2 VUs      2m0s
main     [  12% ] 04/10 VUs  0m57.0s/8m00.0s

running (02m58.0s), 04/10 VUs, 40 complete and 0 interrupted iterations
warmup ✓ [ 100% ] 2 VUs      2m0s
main     [  12% ] 04/10 VUs  0m58.0s/8m00.0s

running (02m59.0s), 04/10 VUs, 40 complete and 0 interrupted iterations
warmup ✓ [ 100% ] 2 VUs      2m0s
main     [  12% ] 04/10 VUs  0m59.0s/8m00.0s

running (03m00.0s), 04/10 VUs, 40 complete and 0 interrupted iterations
warmup ✓ [ 100% ] 2 VUs      2m0s
main     [  12% ] 04/10 VUs  1m00.0s/8m00.0s

running (03m01.0s), 05/10 VUs, 40 complete and 0 interrupted iterations
warmup ✓ [ 100% ] 2 VUs      2m0s
main     [  13% ] 05/10 VUs  1m01.0s/8m00.0s

running (03m02.0s), 05/10 VUs, 40 complete and 0 interrupted iterations
warmup ✓ [ 100% ] 2 VUs      2m0s
main     [  13% ] 05/10 VUs  1m02.0s/8m00.0s

running (03m03.0s), 05/10 VUs, 42 complete and 0 interrupted iterations
warmup ✓ [ 100% ] 2 VUs      2m0s
main     [  13% ] 05/10 VUs  1m03.0s/8m00.0s

running (03m04.0s), 05/10 VUs, 42 complete and 0 interrupted iterations
warmup ✓ [ 100% ] 2 VUs      2m0s
main     [  13% ] 05/10 VUs  1m04.0s/8m00.0s

running (03m05.0s), 05/10 VUs, 42 complete and 0 interrupted iterations
warmup ✓ [ 100% ] 2 VUs      2m0s
main     [  14% ] 05/10 VUs  1m05.0s/8m00.0s

running (03m06.0s), 05/10 VUs, 44 complete and 0 interrupted iterations
warmup ✓ [ 100% ] 2 VUs      2m0s
main     [  14% ] 05/10 VUs  1m06.0s/8m00.0s

running (03m07.0s), 05/10 VUs, 44 complete and 0 interrupted iterations
warmup ✓ [ 100% ] 2 VUs      2m0s
main     [  14% ] 05/10 VUs  1m07.0s/8m00.0s

running (03m08.0s), 05/10 VUs, 44 complete and 0 interrupted iterations
warmup ✓ [ 100% ] 2 VUs      2m0s
main     [  14% ] 05/10 VUs  1m08.0s/8m00.0s

running (03m09.0s), 05/10 VUs, 44 complete and 0 interrupted iterations
warmup ✓ [ 100% ] 2 VUs      2m0s
main     [  14% ] 05/10 VUs  1m09.0s/8m00.0s

running (03m10.0s), 05/10 VUs, 45 complete and 0 interrupted iterations
warmup ✓ [ 100% ] 2 VUs      2m0s
main     [  15% ] 05/10 VUs  1m10.0s/8m00.0s

running (03m11.0s), 05/10 VUs, 46 complete and 0 interrupted iterations
warmup ✓ [ 100% ] 2 VUs      2m0s
main     [  15% ] 05/10 VUs  1m11.0s/8m00.0s

running (03m12.0s), 05/10 VUs, 47 complete and 0 interrupted iterations
warmup ✓ [ 100% ] 2 VUs      2m0s
main     [  15% ] 05/10 VUs  1m12.0s/8m00.0s

running (03m13.0s), 06/10 VUs, 48 complete and 0 interrupted iterations
warmup ✓ [ 100% ] 2 VUs      2m0s
main     [  15% ] 06/10 VUs  1m13.0s/8m00.0s

running (03m14.0s), 06/10 VUs, 48 complete and 0 interrupted iterations
warmup ✓ [ 100% ] 2 VUs      2m0s
main     [  15% ] 06/10 VUs  1m14.0s/8m00.0s

running (03m15.0s), 06/10 VUs, 49 complete and 0 interrupted iterations
warmup ✓ [ 100% ] 2 VUs      2m0s
main     [  16% ] 06/10 VUs  1m15.0s/8m00.0s

running (03m16.0s), 06/10 VUs, 49 complete and 0 interrupted iterations
warmup ✓ [ 100% ] 2 VUs      2m0s
main     [  16% ] 06/10 VUs  1m16.0s/8m00.0s

running (03m17.0s), 06/10 VUs, 49 complete and 0 interrupted iterations
warmup ✓ [ 100% ] 2 VUs      2m0s
main     [  16% ] 06/10 VUs  1m17.0s/8m00.0s

running (03m18.0s), 06/10 VUs, 49 complete and 0 interrupted iterations
warmup ✓ [ 100% ] 2 VUs      2m0s
main     [  16% ] 06/10 VUs  1m18.0s/8m00.0s

running (03m19.0s), 06/10 VUs, 50 complete and 0 interrupted iterations
warmup ✓ [ 100% ] 2 VUs      2m0s
main     [  16% ] 06/10 VUs  1m19.0s/8m00.0s

running (03m20.0s), 06/10 VUs, 50 complete and 0 interrupted iterations
warmup ✓ [ 100% ] 2 VUs      2m0s
main     [  17% ] 06/10 VUs  1m20.0s/8m00.0s

running (03m21.0s), 06/10 VUs, 53 complete and 0 interrupted iterations
warmup ✓ [ 100% ] 2 VUs      2m0s
main     [  17% ] 06/10 VUs  1m21.0s/8m00.0s

running (03m22.0s), 06/10 VUs, 53 complete and 0 interrupted iterations
warmup ✓ [ 100% ] 2 VUs      2m0s
main     [  17% ] 06/10 VUs  1m22.0s/8m00.0s

running (03m23.0s), 06/10 VUs, 54 complete and 0 interrupted iterations
warmup ✓ [ 100% ] 2 VUs      2m0s
main     [  17% ] 06/10 VUs  1m23.0s/8m00.0s

running (03m24.0s), 06/10 VUs, 54 complete and 0 interrupted iterations
warmup ✓ [ 100% ] 2 VUs      2m0s
main     [  17% ] 06/10 VUs  1m24.0s/8m00.0s

running (03m25.0s), 07/10 VUs, 55 complete and 0 interrupted iterations
warmup ✓ [ 100% ] 2 VUs      2m0s
main     [  18% ] 07/10 VUs  1m25.0s/8m00.0s

running (03m26.0s), 07/10 VUs, 56 complete and 0 interrupted iterations
warmup ✓ [ 100% ] 2 VUs      2m0s
main     [  18% ] 07/10 VUs  1m26.0s/8m00.0s

running (03m27.0s), 07/10 VUs, 56 complete and 0 interrupted iterations
warmup ✓ [ 100% ] 2 VUs      2m0s
main     [  18% ] 07/10 VUs  1m27.0s/8m00.0s

running (03m28.0s), 07/10 VUs, 56 complete and 0 interrupted iterations
warmup ✓ [ 100% ] 2 VUs      2m0s
main     [  18% ] 07/10 VUs  1m28.0s/8m00.0s

running (03m29.0s), 07/10 VUs, 56 complete and 0 interrupted iterations
warmup ✓ [ 100% ] 2 VUs      2m0s
main     [  19% ] 07/10 VUs  1m29.0s/8m00.0s

running (03m30.0s), 07/10 VUs, 58 complete and 0 interrupted iterations
warmup ✓ [ 100% ] 2 VUs      2m0s
main     [  19% ] 07/10 VUs  1m30.0s/8m00.0s

running (03m31.0s), 07/10 VUs, 60 complete and 0 interrupted iterations
warmup ✓ [ 100% ] 2 VUs      2m0s
main     [  19% ] 07/10 VUs  1m31.0s/8m00.0s

running (03m32.0s), 07/10 VUs, 60 complete and 0 interrupted iterations
warmup ✓ [ 100% ] 2 VUs      2m0s
main     [  19% ] 07/10 VUs  1m32.0s/8m00.0s

running (03m33.0s), 07/10 VUs, 60 complete and 0 interrupted iterations
warmup ✓ [ 100% ] 2 VUs      2m0s
main     [  19% ] 07/10 VUs  1m33.0s/8m00.0s

running (03m34.0s), 07/10 VUs, 62 complete and 0 interrupted iterations
warmup ✓ [ 100% ] 2 VUs      2m0s
main     [  20% ] 07/10 VUs  1m34.0s/8m00.0s

running (03m35.0s), 07/10 VUs, 63 complete and 0 interrupted iterations
warmup ✓ [ 100% ] 2 VUs      2m0s
main     [  20% ] 07/10 VUs  1m35.0s/8m00.0s

running (03m36.0s), 07/10 VUs, 63 complete and 0 interrupted iterations
warmup ✓ [ 100% ] 2 VUs      2m0s
main     [  20% ] 07/10 VUs  1m36.0s/8m00.0s

running (03m37.0s), 08/10 VUs, 63 complete and 0 interrupted iterations
warmup ✓ [ 100% ] 2 VUs      2m0s
main     [  20% ] 08/10 VUs  1m37.0s/8m00.0s

running (03m38.0s), 08/10 VUs, 64 complete and 0 interrupted iterations
warmup ✓ [ 100% ] 2 VUs      2m0s
main     [  20% ] 08/10 VUs  1m38.0s/8m00.0s

running (03m39.0s), 08/10 VUs, 66 complete and 0 interrupted iterations
warmup ✓ [ 100% ] 2 VUs      2m0s
main     [  21% ] 08/10 VUs  1m39.0s/8m00.0s

running (03m40.0s), 08/10 VUs, 66 complete and 0 interrupted iterations
warmup ✓ [ 100% ] 2 VUs      2m0s
main     [  21% ] 08/10 VUs  1m40.0s/8m00.0s

running (03m41.0s), 08/10 VUs, 68 complete and 0 interrupted iterations
warmup ✓ [ 100% ] 2 VUs      2m0s
main     [  21% ] 08/10 VUs  1m41.0s/8m00.0s

running (03m42.0s), 08/10 VUs, 68 complete and 0 interrupted iterations
warmup ✓ [ 100% ] 2 VUs      2m0s
main     [  21% ] 08/10 VUs  1m42.0s/8m00.0s

running (03m43.0s), 08/10 VUs, 69 complete and 0 interrupted iterations
warmup ✓ [ 100% ] 2 VUs      2m0s
main     [  21% ] 08/10 VUs  1m43.0s/8m00.0s

running (03m44.0s), 08/10 VUs, 70 complete and 0 interrupted iterations
warmup ✓ [ 100% ] 2 VUs      2m0s
main     [  22% ] 08/10 VUs  1m44.0s/8m00.0s

running (03m45.0s), 08/10 VUs, 70 complete and 0 interrupted iterations
warmup ✓ [ 100% ] 2 VUs      2m0s
main     [  22% ] 08/10 VUs  1m45.0s/8m00.0s

running (03m46.0s), 08/10 VUs, 71 complete and 0 interrupted iterations
warmup ✓ [ 100% ] 2 VUs      2m0s
main     [  22% ] 08/10 VUs  1m46.0s/8m00.0s

running (03m47.0s), 08/10 VUs, 72 complete and 0 interrupted iterations
warmup ✓ [ 100% ] 2 VUs      2m0s
main     [  22% ] 08/10 VUs  1m47.0s/8m00.0s

running (03m48.0s), 08/10 VUs, 73 complete and 0 interrupted iterations
warmup ✓ [ 100% ] 2 VUs      2m0s
main     [  22% ] 08/10 VUs  1m48.0s/8m00.0s

running (03m49.0s), 09/10 VUs, 74 complete and 0 interrupted iterations
warmup ✓ [ 100% ] 2 VUs      2m0s
main     [  23% ] 09/10 VUs  1m49.0s/8m00.0s

running (03m50.0s), 09/10 VUs, 74 complete and 0 interrupted iterations
warmup ✓ [ 100% ] 2 VUs      2m0s
main     [  23% ] 09/10 VUs  1m50.0s/8m00.0s

running (03m51.0s), 09/10 VUs, 77 complete and 0 interrupted iterations
warmup ✓ [ 100% ] 2 VUs      2m0s
main     [  23% ] 09/10 VUs  1m51.0s/8m00.0s

running (03m52.0s), 09/10 VUs, 77 complete and 0 interrupted iterations
warmup ✓ [ 100% ] 2 VUs      2m0s
main     [  23% ] 09/10 VUs  1m52.0s/8m00.0s

running (03m53.0s), 09/10 VUs, 77 complete and 0 interrupted iterations
warmup ✓ [ 100% ] 2 VUs      2m0s
main     [  24% ] 09/10 VUs  1m53.0s/8m00.0s

running (03m54.0s), 09/10 VUs, 78 complete and 0 interrupted iterations
warmup ✓ [ 100% ] 2 VUs      2m0s
main     [  24% ] 09/10 VUs  1m54.0s/8m00.0s

running (03m55.0s), 09/10 VUs, 78 complete and 0 interrupted iterations
warmup ✓ [ 100% ] 2 VUs      2m0s
main     [  24% ] 09/10 VUs  1m55.0s/8m00.0s

running (03m56.0s), 09/10 VUs, 81 complete and 0 interrupted iterations
warmup ✓ [ 100% ] 2 VUs      2m0s
main     [  24% ] 09/10 VUs  1m56.0s/8m00.0s

running (03m57.0s), 09/10 VUs, 83 complete and 0 interrupted iterations
warmup ✓ [ 100% ] 2 VUs      2m0s
main     [  24% ] 09/10 VUs  1m57.0s/8m00.0s

running (03m58.0s), 09/10 VUs, 83 complete and 0 interrupted iterations
warmup ✓ [ 100% ] 2 VUs      2m0s
main     [  25% ] 09/10 VUs  1m58.0s/8m00.0s

running (03m59.0s), 09/10 VUs, 85 complete and 0 interrupted iterations
warmup ✓ [ 100% ] 2 VUs      2m0s
main     [  25% ] 09/10 VUs  1m59.0s/8m00.0s

running (04m00.0s), 09/10 VUs, 85 complete and 0 interrupted iterations
warmup ✓ [ 100% ] 2 VUs      2m0s
main     [  25% ] 09/10 VUs  2m00.0s/8m00.0s

running (04m01.0s), 10/10 VUs, 85 complete and 0 interrupted iterations
warmup ✓ [ 100% ] 2 VUs      2m0s
main     [  25% ] 10/10 VUs  2m01.0s/8m00.0s

running (04m02.0s), 10/10 VUs, 85 complete and 0 interrupted iterations
warmup ✓ [ 100% ] 2 VUs      2m0s
main     [  25% ] 10/10 VUs  2m02.0s/8m00.0s

running (04m03.0s), 10/10 VUs, 87 complete and 0 interrupted iterations
warmup ✓ [ 100% ] 2 VUs      2m0s
main     [  26% ] 10/10 VUs  2m03.0s/8m00.0s

running (04m04.0s), 10/10 VUs, 90 complete and 0 interrupted iterations
warmup ✓ [ 100% ] 2 VUs      2m0s
main     [  26% ] 10/10 VUs  2m04.0s/8m00.0s

running (04m05.0s), 10/10 VUs, 90 complete and 0 interrupted iterations
warmup ✓ [ 100% ] 2 VUs      2m0s
main     [  26% ] 10/10 VUs  2m05.0s/8m00.0s

running (04m06.0s), 10/10 VUs, 91 complete and 0 interrupted iterations
warmup ✓ [ 100% ] 2 VUs      2m0s
main     [  26% ] 10/10 VUs  2m06.0s/8m00.0s

running (04m07.0s), 10/10 VUs, 92 complete and 0 interrupted iterations
warmup ✓ [ 100% ] 2 VUs      2m0s
main     [  26% ] 10/10 VUs  2m07.0s/8m00.0s

running (04m08.0s), 10/10 VUs, 92 complete and 0 interrupted iterations
warmup ✓ [ 100% ] 2 VUs      2m0s
main     [  27% ] 10/10 VUs  2m08.0s/8m00.0s

running (04m09.0s), 10/10 VUs, 94 complete and 0 interrupted iterations
warmup ✓ [ 100% ] 2 VUs      2m0s
main     [  27% ] 10/10 VUs  2m09.0s/8m00.0s

running (04m10.0s), 10/10 VUs, 95 complete and 0 interrupted iterations
warmup ✓ [ 100% ] 2 VUs      2m0s
main     [  27% ] 10/10 VUs  2m10.0s/8m00.0s

running (04m11.0s), 10/10 VUs, 95 complete and 0 interrupted iterations
warmup ✓ [ 100% ] 2 VUs      2m0s
main     [  27% ] 10/10 VUs  2m11.0s/8m00.0s

running (04m12.0s), 10/10 VUs, 98 complete and 0 interrupted iterations
warmup ✓ [ 100% ] 2 VUs      2m0s
main     [  27% ] 10/10 VUs  2m12.0s/8m00.0s

running (04m13.0s), 10/10 VUs, 101 complete and 0 interrupted iterations
warmup ✓ [ 100% ] 2 VUs      2m0s
main     [  28% ] 10/10 VUs  2m13.0s/8m00.0s

running (04m14.0s), 10/10 VUs, 102 complete and 0 interrupted iterations
warmup ✓ [ 100% ] 2 VUs      2m0s
main     [  28% ] 10/10 VUs  2m14.0s/8m00.0s

running (04m15.0s), 10/10 VUs, 102 complete and 0 interrupted iterations
warmup ✓ [ 100% ] 2 VUs      2m0s
main     [  28% ] 10/10 VUs  2m15.0s/8m00.0s

running (04m16.0s), 10/10 VUs, 102 complete and 0 interrupted iterations
warmup ✓ [ 100% ] 2 VUs      2m0s
main     [  28% ] 10/10 VUs  2m16.0s/8m00.0s

running (04m17.0s), 10/10 VUs, 103 complete and 0 interrupted iterations
warmup ✓ [ 100% ] 2 VUs      2m0s
main     [  29% ] 10/10 VUs  2m17.0s/8m00.0s

running (04m18.0s), 10/10 VUs, 103 complete and 0 interrupted iterations
warmup ✓ [ 100% ] 2 VUs      2m0s
main     [  29% ] 10/10 VUs  2m18.0s/8m00.0s

running (04m19.0s), 10/10 VUs, 106 complete and 0 interrupted iterations
warmup ✓ [ 100% ] 2 VUs      2m0s
main     [  29% ] 10/10 VUs  2m19.0s/8m00.0s

running (04m20.0s), 10/10 VUs, 107 complete and 0 interrupted iterations
warmup ✓ [ 100% ] 2 VUs      2m0s
main     [  29% ] 10/10 VUs  2m20.0s/8m00.0s

running (04m21.0s), 10/10 VUs, 107 complete and 0 interrupted iterations
warmup ✓ [ 100% ] 2 VUs      2m0s
main     [  29% ] 10/10 VUs  2m21.0s/8m00.0s

running (04m22.0s), 10/10 VUs, 110 complete and 0 interrupted iterations
warmup ✓ [ 100% ] 2 VUs      2m0s
main     [  30% ] 10/10 VUs  2m22.0s/8m00.0s

running (04m23.0s), 10/10 VUs, 112 complete and 0 interrupted iterations
warmup ✓ [ 100% ] 2 VUs      2m0s
main     [  30% ] 10/10 VUs  2m23.0s/8m00.0s

running (04m24.0s), 10/10 VUs, 112 complete and 0 interrupted iterations
warmup ✓ [ 100% ] 2 VUs      2m0s
main     [  30% ] 10/10 VUs  2m24.0s/8m00.0s

running (04m25.0s), 10/10 VUs, 112 complete and 0 interrupted iterations
warmup ✓ [ 100% ] 2 VUs      2m0s
main     [  30% ] 10/10 VUs  2m25.0s/8m00.0s

running (04m26.0s), 10/10 VUs, 112 complete and 0 interrupted iterations
warmup ✓ [ 100% ] 2 VUs      2m0s
main     [  30% ] 10/10 VUs  2m26.0s/8m00.0s

running (04m27.0s), 10/10 VUs, 112 complete and 0 interrupted iterations
warmup ✓ [ 100% ] 2 VUs      2m0s
main     [  31% ] 10/10 VUs  2m27.0s/8m00.0s

running (04m28.0s), 10/10 VUs, 115 complete and 0 interrupted iterations
warmup ✓ [ 100% ] 2 VUs      2m0s
main     [  31% ] 10/10 VUs  2m28.0s/8m00.0s

running (04m29.0s), 10/10 VUs, 119 complete and 0 interrupted iterations
warmup ✓ [ 100% ] 2 VUs      2m0s
main     [  31% ] 10/10 VUs  2m29.0s/8m00.0s

running (04m30.0s), 10/10 VUs, 121 complete and 0 interrupted iterations
warmup ✓ [ 100% ] 2 VUs      2m0s
main     [  31% ] 10/10 VUs  2m30.0s/8m00.0s

running (04m31.0s), 10/10 VUs, 121 complete and 0 interrupted iterations
warmup ✓ [ 100% ] 2 VUs      2m0s
main     [  31% ] 10/10 VUs  2m31.0s/8m00.0s

running (04m32.0s), 10/10 VUs, 122 complete and 0 interrupted iterations
warmup ✓ [ 100% ] 2 VUs      2m0s
main     [  32% ] 10/10 VUs  2m32.0s/8m00.0s

running (04m33.0s), 10/10 VUs, 122 complete and 0 interrupted iterations
warmup ✓ [ 100% ] 2 VUs      2m0s
main     [  32% ] 10/10 VUs  2m33.0s/8m00.0s

running (04m34.0s), 10/10 VUs, 122 complete and 0 interrupted iterations
warmup ✓ [ 100% ] 2 VUs      2m0s
main     [  32% ] 10/10 VUs  2m34.0s/8m00.0s

running (04m35.0s), 10/10 VUs, 123 complete and 0 interrupted iterations
warmup ✓ [ 100% ] 2 VUs      2m0s
main     [  32% ] 10/10 VUs  2m35.0s/8m00.0s

running (04m36.0s), 10/10 VUs, 126 complete and 0 interrupted iterations
warmup ✓ [ 100% ] 2 VUs      2m0s
main     [  32% ] 10/10 VUs  2m36.0s/8m00.0s

running (04m37.0s), 10/10 VUs, 127 complete and 0 interrupted iterations
warmup ✓ [ 100% ] 2 VUs      2m0s
main     [  33% ] 10/10 VUs  2m37.0s/8m00.0s

running (04m38.0s), 10/10 VUs, 131 complete and 0 interrupted iterations
warmup ✓ [ 100% ] 2 VUs      2m0s
main     [  33% ] 10/10 VUs  2m38.0s/8m00.0s

running (04m39.0s), 10/10 VUs, 131 complete and 0 interrupted iterations
warmup ✓ [ 100% ] 2 VUs      2m0s
main     [  33% ] 10/10 VUs  2m39.0s/8m00.0s

running (04m40.0s), 10/10 VUs, 132 complete and 0 interrupted iterations
warmup ✓ [ 100% ] 2 VUs      2m0s
main     [  33% ] 10/10 VUs  2m40.0s/8m00.0s

running (04m41.0s), 10/10 VUs, 132 complete and 0 interrupted iterations
warmup ✓ [ 100% ] 2 VUs      2m0s
main     [  34% ] 10/10 VUs  2m41.0s/8m00.0s

running (04m42.0s), 10/10 VUs, 132 complete and 0 interrupted iterations
warmup ✓ [ 100% ] 2 VUs      2m0s
main     [  34% ] 10/10 VUs  2m42.0s/8m00.0s

running (04m43.0s), 10/10 VUs, 132 complete and 0 interrupted iterations
warmup ✓ [ 100% ] 2 VUs      2m0s
main     [  34% ] 10/10 VUs  2m43.0s/8m00.0s

running (04m44.0s), 10/10 VUs, 133 complete and 0 interrupted iterations
warmup ✓ [ 100% ] 2 VUs      2m0s
main     [  34% ] 10/10 VUs  2m44.0s/8m00.0s

running (04m45.0s), 10/10 VUs, 135 complete and 0 interrupted iterations
warmup ✓ [ 100% ] 2 VUs      2m0s
main     [  34% ] 10/10 VUs  2m45.0s/8m00.0s

running (04m46.0s), 10/10 VUs, 140 complete and 0 interrupted iterations
warmup ✓ [ 100% ] 2 VUs      2m0s
main     [  35% ] 10/10 VUs  2m46.0s/8m00.0s

running (04m47.0s), 10/10 VUs, 142 complete and 0 interrupted iterations
warmup ✓ [ 100% ] 2 VUs      2m0s
main     [  35% ] 10/10 VUs  2m47.0s/8m00.0s

running (04m48.0s), 10/10 VUs, 142 complete and 0 interrupted iterations
warmup ✓ [ 100% ] 2 VUs      2m0s
main     [  35% ] 10/10 VUs  2m48.0s/8m00.0s

running (04m49.0s), 10/10 VUs, 142 complete and 0 interrupted iterations
warmup ✓ [ 100% ] 2 VUs      2m0s
main     [  35% ] 10/10 VUs  2m49.0s/8m00.0s

running (04m50.0s), 10/10 VUs, 142 complete and 0 interrupted iterations
warmup ✓ [ 100% ] 2 VUs      2m0s
main     [  35% ] 10/10 VUs  2m50.0s/8m00.0s

running (04m51.0s), 10/10 VUs, 142 complete and 0 interrupted iterations
warmup ✓ [ 100% ] 2 VUs      2m0s
main     [  36% ] 10/10 VUs  2m51.0s/8m00.0s

running (04m52.0s), 10/10 VUs, 143 complete and 0 interrupted iterations
warmup ✓ [ 100% ] 2 VUs      2m0s
main     [  36% ] 10/10 VUs  2m52.0s/8m00.0s

running (04m53.0s), 10/10 VUs, 143 complete and 0 interrupted iterations
warmup ✓ [ 100% ] 2 VUs      2m0s
main     [  36% ] 10/10 VUs  2m53.0s/8m00.0s

running (04m54.0s), 10/10 VUs, 148 complete and 0 interrupted iterations
warmup ✓ [ 100% ] 2 VUs      2m0s
main     [  36% ] 10/10 VUs  2m54.0s/8m00.0s

running (04m55.0s), 10/10 VUs, 150 complete and 0 interrupted iterations
warmup ✓ [ 100% ] 2 VUs      2m0s
main     [  36% ] 10/10 VUs  2m55.0s/8m00.0s

running (04m56.0s), 10/10 VUs, 150 complete and 0 interrupted iterations
warmup ✓ [ 100% ] 2 VUs      2m0s
main     [  37% ] 10/10 VUs  2m56.0s/8m00.0s

running (04m57.0s), 10/10 VUs, 150 complete and 0 interrupted iterations
warmup ✓ [ 100% ] 2 VUs      2m0s
main     [  37% ] 10/10 VUs  2m57.0s/8m00.0s

running (04m58.0s), 10/10 VUs, 151 complete and 0 interrupted iterations
warmup ✓ [ 100% ] 2 VUs      2m0s
main     [  37% ] 10/10 VUs  2m58.0s/8m00.0s

running (04m59.0s), 10/10 VUs, 152 complete and 0 interrupted iterations
warmup ✓ [ 100% ] 2 VUs      2m0s
main     [  37% ] 10/10 VUs  2m59.0s/8m00.0s

running (05m00.0s), 10/10 VUs, 152 complete and 0 interrupted iterations
warmup ✓ [ 100% ] 2 VUs      2m0s
main     [  37% ] 10/10 VUs  3m00.0s/8m00.0s

running (05m01.0s), 10/10 VUs, 153 complete and 0 interrupted iterations
warmup ✓ [ 100% ] 2 VUs      2m0s
main     [  38% ] 10/10 VUs  3m01.0s/8m00.0s

running (05m02.0s), 10/10 VUs, 156 complete and 0 interrupted iterations
warmup ✓ [ 100% ] 2 VUs      2m0s
main     [  38% ] 10/10 VUs  3m02.0s/8m00.0s

running (05m03.0s), 10/10 VUs, 157 complete and 0 interrupted iterations
warmup ✓ [ 100% ] 2 VUs      2m0s
main     [  38% ] 10/10 VUs  3m03.0s/8m00.0s

running (05m04.0s), 10/10 VUs, 158 complete and 0 interrupted iterations
warmup ✓ [ 100% ] 2 VUs      2m0s
main     [  38% ] 10/10 VUs  3m04.0s/8m00.0s

running (05m05.0s), 10/10 VUs, 159 complete and 0 interrupted iterations
warmup ✓ [ 100% ] 2 VUs      2m0s
main     [  39% ] 10/10 VUs  3m05.0s/8m00.0s

running (05m06.0s), 10/10 VUs, 160 complete and 0 interrupted iterations
warmup ✓ [ 100% ] 2 VUs      2m0s
main     [  39% ] 10/10 VUs  3m06.0s/8m00.0s

running (05m07.0s), 10/10 VUs, 161 complete and 0 interrupted iterations
warmup ✓ [ 100% ] 2 VUs      2m0s
main     [  39% ] 10/10 VUs  3m07.0s/8m00.0s

running (05m08.0s), 10/10 VUs, 162 complete and 0 interrupted iterations
warmup ✓ [ 100% ] 2 VUs      2m0s
main     [  39% ] 10/10 VUs  3m08.0s/8m00.0s

running (05m09.0s), 10/10 VUs, 163 complete and 0 interrupted iterations
warmup ✓ [ 100% ] 2 VUs      2m0s
main     [  39% ] 10/10 VUs  3m09.0s/8m00.0s

running (05m10.0s), 10/10 VUs, 163 complete and 0 interrupted iterations
warmup ✓ [ 100% ] 2 VUs      2m0s
main     [  40% ] 10/10 VUs  3m10.0s/8m00.0s

running (05m11.0s), 10/10 VUs, 167 complete and 0 interrupted iterations
warmup ✓ [ 100% ] 2 VUs      2m0s
main     [  40% ] 10/10 VUs  3m11.0s/8m00.0s

running (05m12.0s), 10/10 VUs, 168 complete and 0 interrupted iterations
warmup ✓ [ 100% ] 2 VUs      2m0s
main     [  40% ] 10/10 VUs  3m12.0s/8m00.0s

running (05m13.0s), 10/10 VUs, 169 complete and 0 interrupted iterations
warmup ✓ [ 100% ] 2 VUs      2m0s
main     [  40% ] 10/10 VUs  3m13.0s/8m00.0s

running (05m14.0s), 10/10 VUs, 169 complete and 0 interrupted iterations
warmup ✓ [ 100% ] 2 VUs      2m0s
main     [  40% ] 10/10 VUs  3m14.0s/8m00.0s

running (05m15.0s), 10/10 VUs, 169 complete and 0 interrupted iterations
warmup ✓ [ 100% ] 2 VUs      2m0s
main     [  41% ] 10/10 VUs  3m15.0s/8m00.0s

running (05m16.0s), 10/10 VUs, 171 complete and 0 interrupted iterations
warmup ✓ [ 100% ] 2 VUs      2m0s
main     [  41% ] 10/10 VUs  3m16.0s/8m00.0s

running (05m17.0s), 10/10 VUs, 171 complete and 0 interrupted iterations
warmup ✓ [ 100% ] 2 VUs      2m0s
main     [  41% ] 10/10 VUs  3m17.0s/8m00.0s

running (05m18.0s), 10/10 VUs, 172 complete and 0 interrupted iterations
warmup ✓ [ 100% ] 2 VUs      2m0s
main     [  41% ] 10/10 VUs  3m18.0s/8m00.0s

running (05m19.0s), 10/10 VUs, 173 complete and 0 interrupted iterations
warmup ✓ [ 100% ] 2 VUs      2m0s
main     [  41% ] 10/10 VUs  3m19.0s/8m00.0s

running (05m20.0s), 10/10 VUs, 175 complete and 0 interrupted iterations
warmup ✓ [ 100% ] 2 VUs      2m0s
main     [  42% ] 10/10 VUs  3m20.0s/8m00.0s

running (05m21.0s), 10/10 VUs, 177 complete and 0 interrupted iterations
warmup ✓ [ 100% ] 2 VUs      2m0s
main     [  42% ] 10/10 VUs  3m21.0s/8m00.0s

running (05m22.0s), 10/10 VUs, 179 complete and 0 interrupted iterations
warmup ✓ [ 100% ] 2 VUs      2m0s
main     [  42% ] 10/10 VUs  3m22.0s/8m00.0s

running (05m23.0s), 10/10 VUs, 179 complete and 0 interrupted iterations
warmup ✓ [ 100% ] 2 VUs      2m0s
main     [  42% ] 10/10 VUs  3m23.0s/8m00.0s

running (05m24.0s), 10/10 VUs, 179 complete and 0 interrupted iterations
warmup ✓ [ 100% ] 2 VUs      2m0s
main     [  42% ] 10/10 VUs  3m24.0s/8m00.0s

running (05m25.0s), 10/10 VUs, 179 complete and 0 interrupted iterations
warmup ✓ [ 100% ] 2 VUs      2m0s
main     [  43% ] 10/10 VUs  3m25.0s/8m00.0s

running (05m26.0s), 10/10 VUs, 181 complete and 0 interrupted iterations
warmup ✓ [ 100% ] 2 VUs      2m0s
main     [  43% ] 10/10 VUs  3m26.0s/8m00.0s

running (05m27.0s), 10/10 VUs, 183 complete and 0 interrupted iterations
warmup ✓ [ 100% ] 2 VUs      2m0s
main     [  43% ] 10/10 VUs  3m27.0s/8m00.0s

running (05m28.0s), 10/10 VUs, 184 complete and 0 interrupted iterations
warmup ✓ [ 100% ] 2 VUs      2m0s
main     [  43% ] 10/10 VUs  3m28.0s/8m00.0s

running (05m29.0s), 10/10 VUs, 185 complete and 0 interrupted iterations
warmup ✓ [ 100% ] 2 VUs      2m0s
main     [  44% ] 10/10 VUs  3m29.0s/8m00.0s

running (05m30.0s), 10/10 VUs, 185 complete and 0 interrupted iterations
warmup ✓ [ 100% ] 2 VUs      2m0s
main     [  44% ] 10/10 VUs  3m30.0s/8m00.0s

running (05m31.0s), 10/10 VUs, 189 complete and 0 interrupted iterations
warmup ✓ [ 100% ] 2 VUs      2m0s
main     [  44% ] 10/10 VUs  3m31.0s/8m00.0s

running (05m32.0s), 10/10 VUs, 189 complete and 0 interrupted iterations
warmup ✓ [ 100% ] 2 VUs      2m0s
main     [  44% ] 10/10 VUs  3m32.0s/8m00.0s

running (05m33.0s), 10/10 VUs, 190 complete and 0 interrupted iterations
warmup ✓ [ 100% ] 2 VUs      2m0s
main     [  44% ] 10/10 VUs  3m33.0s/8m00.0s

running (05m34.0s), 10/10 VUs, 191 complete and 0 interrupted iterations
warmup ✓ [ 100% ] 2 VUs      2m0s
main     [  45% ] 10/10 VUs  3m34.0s/8m00.0s

running (05m35.0s), 10/10 VUs, 192 complete and 0 interrupted iterations
warmup ✓ [ 100% ] 2 VUs      2m0s
main     [  45% ] 10/10 VUs  3m35.0s/8m00.0s

running (05m36.0s), 10/10 VUs, 192 complete and 0 interrupted iterations
warmup ✓ [ 100% ] 2 VUs      2m0s
main     [  45% ] 10/10 VUs  3m36.0s/8m00.0s

running (05m37.0s), 10/10 VUs, 195 complete and 0 interrupted iterations
warmup ✓ [ 100% ] 2 VUs      2m0s
main     [  45% ] 10/10 VUs  3m37.0s/8m00.0s

running (05m38.0s), 10/10 VUs, 196 complete and 0 interrupted iterations
warmup ✓ [ 100% ] 2 VUs      2m0s
main     [  45% ] 10/10 VUs  3m38.0s/8m00.0s

running (05m39.0s), 10/10 VUs, 197 complete and 0 interrupted iterations
warmup ✓ [ 100% ] 2 VUs      2m0s
main     [  46% ] 10/10 VUs  3m39.0s/8m00.0s

running (05m40.0s), 10/10 VUs, 199 complete and 0 interrupted iterations
warmup ✓ [ 100% ] 2 VUs      2m0s
main     [  46% ] 10/10 VUs  3m40.0s/8m00.0s

running (05m41.0s), 10/10 VUs, 200 complete and 0 interrupted iterations
warmup ✓ [ 100% ] 2 VUs      2m0s
main     [  46% ] 10/10 VUs  3m41.0s/8m00.0s

running (05m42.0s), 10/10 VUs, 200 complete and 0 interrupted iterations
warmup ✓ [ 100% ] 2 VUs      2m0s
main     [  46% ] 10/10 VUs  3m42.0s/8m00.0s

running (05m43.0s), 10/10 VUs, 201 complete and 0 interrupted iterations
warmup ✓ [ 100% ] 2 VUs      2m0s
main     [  46% ] 10/10 VUs  3m43.0s/8m00.0s

running (05m44.0s), 10/10 VUs, 201 complete and 0 interrupted iterations
warmup ✓ [ 100% ] 2 VUs      2m0s
main     [  47% ] 10/10 VUs  3m44.0s/8m00.0s

running (05m45.0s), 10/10 VUs, 202 complete and 0 interrupted iterations
warmup ✓ [ 100% ] 2 VUs      2m0s
main     [  47% ] 10/10 VUs  3m45.0s/8m00.0s

running (05m46.0s), 10/10 VUs, 205 complete and 0 interrupted iterations
warmup ✓ [ 100% ] 2 VUs      2m0s
main     [  47% ] 10/10 VUs  3m46.0s/8m00.0s

running (05m47.0s), 10/10 VUs, 206 complete and 0 interrupted iterations
warmup ✓ [ 100% ] 2 VUs      2m0s
main     [  47% ] 10/10 VUs  3m47.0s/8m00.0s

running (05m48.0s), 10/10 VUs, 208 complete and 0 interrupted iterations
warmup ✓ [ 100% ] 2 VUs      2m0s
main     [  47% ] 10/10 VUs  3m48.0s/8m00.0s

running (05m49.0s), 10/10 VUs, 210 complete and 0 interrupted iterations
warmup ✓ [ 100% ] 2 VUs      2m0s
main     [  48% ] 10/10 VUs  3m49.0s/8m00.0s

running (05m50.0s), 10/10 VUs, 210 complete and 0 interrupted iterations
warmup ✓ [ 100% ] 2 VUs      2m0s
main     [  48% ] 10/10 VUs  3m50.0s/8m00.0s

running (05m51.0s), 10/10 VUs, 211 complete and 0 interrupted iterations
warmup ✓ [ 100% ] 2 VUs      2m0s
main     [  48% ] 10/10 VUs  3m51.0s/8m00.0s

running (05m52.0s), 10/10 VUs, 211 complete and 0 interrupted iterations
warmup ✓ [ 100% ] 2 VUs      2m0s
main     [  48% ] 10/10 VUs  3m52.0s/8m00.0s

running (05m53.0s), 10/10 VUs, 212 complete and 0 interrupted iterations
warmup ✓ [ 100% ] 2 VUs      2m0s
main     [  49% ] 10/10 VUs  3m53.0s/8m00.0s

running (05m54.0s), 10/10 VUs, 214 complete and 0 interrupted iterations
warmup ✓ [ 100% ] 2 VUs      2m0s
main     [  49% ] 10/10 VUs  3m54.0s/8m00.0s

running (05m55.0s), 10/10 VUs, 215 complete and 0 interrupted iterations
warmup ✓ [ 100% ] 2 VUs      2m0s
main     [  49% ] 10/10 VUs  3m55.0s/8m00.0s

running (05m56.0s), 10/10 VUs, 215 complete and 0 interrupted iterations
warmup ✓ [ 100% ] 2 VUs      2m0s
main     [  49% ] 10/10 VUs  3m56.0s/8m00.0s

running (05m57.0s), 10/10 VUs, 219 complete and 0 interrupted iterations
warmup ✓ [ 100% ] 2 VUs      2m0s
main     [  49% ] 10/10 VUs  3m57.0s/8m00.0s

running (05m58.0s), 10/10 VUs, 220 complete and 0 interrupted iterations
warmup ✓ [ 100% ] 2 VUs      2m0s
main     [  50% ] 10/10 VUs  3m58.0s/8m00.0s

running (05m59.0s), 10/10 VUs, 220 complete and 0 interrupted iterations
warmup ✓ [ 100% ] 2 VUs      2m0s
main     [  50% ] 10/10 VUs  3m59.0s/8m00.0s

running (06m00.0s), 10/10 VUs, 220 complete and 0 interrupted iterations
warmup ✓ [ 100% ] 2 VUs      2m0s
main     [  50% ] 10/10 VUs  4m00.0s/8m00.0s

running (06m01.0s), 10/10 VUs, 222 complete and 0 interrupted iterations
warmup ✓ [ 100% ] 2 VUs      2m0s
main     [  50% ] 10/10 VUs  4m01.0s/8m00.0s

running (06m02.0s), 10/10 VUs, 223 complete and 0 interrupted iterations
warmup ✓ [ 100% ] 2 VUs      2m0s
main     [  50% ] 10/10 VUs  4m02.0s/8m00.0s

running (06m03.0s), 10/10 VUs, 224 complete and 0 interrupted iterations
warmup ✓ [ 100% ] 2 VUs      2m0s
main     [  51% ] 10/10 VUs  4m03.0s/8m00.0s

running (06m04.0s), 10/10 VUs, 225 complete and 0 interrupted iterations
warmup ✓ [ 100% ] 2 VUs      2m0s
main     [  51% ] 10/10 VUs  4m04.0s/8m00.0s

running (06m05.0s), 10/10 VUs, 226 complete and 0 interrupted iterations
warmup ✓ [ 100% ] 2 VUs      2m0s
main     [  51% ] 10/10 VUs  4m05.0s/8m00.0s

running (06m06.0s), 10/10 VUs, 226 complete and 0 interrupted iterations
warmup ✓ [ 100% ] 2 VUs      2m0s
main     [  51% ] 10/10 VUs  4m06.0s/8m00.0s

running (06m07.0s), 10/10 VUs, 229 complete and 0 interrupted iterations
warmup ✓ [ 100% ] 2 VUs      2m0s
main     [  51% ] 10/10 VUs  4m07.0s/8m00.0s

running (06m08.0s), 10/10 VUs, 230 complete and 0 interrupted iterations
warmup ✓ [ 100% ] 2 VUs      2m0s
main     [  52% ] 10/10 VUs  4m08.0s/8m00.0s

running (06m09.0s), 10/10 VUs, 230 complete and 0 interrupted iterations
warmup ✓ [ 100% ] 2 VUs      2m0s
main     [  52% ] 10/10 VUs  4m09.0s/8m00.0s

running (06m10.0s), 10/10 VUs, 231 complete and 0 interrupted iterations
warmup ✓ [ 100% ] 2 VUs      2m0s
main     [  52% ] 10/10 VUs  4m10.0s/8m00.0s

running (06m11.0s), 10/10 VUs, 232 complete and 0 interrupted iterations
warmup ✓ [ 100% ] 2 VUs      2m0s
main     [  52% ] 10/10 VUs  4m11.0s/8m00.0s

running (06m12.0s), 10/10 VUs, 234 complete and 0 interrupted iterations
warmup ✓ [ 100% ] 2 VUs      2m0s
main     [  52% ] 10/10 VUs  4m12.0s/8m00.0s

running (06m13.0s), 10/10 VUs, 234 complete and 0 interrupted iterations
warmup ✓ [ 100% ] 2 VUs      2m0s
main     [  53% ] 10/10 VUs  4m13.0s/8m00.0s

running (06m14.0s), 10/10 VUs, 234 complete and 0 interrupted iterations
warmup ✓ [ 100% ] 2 VUs      2m0s
main     [  53% ] 10/10 VUs  4m14.0s/8m00.0s

running (06m15.0s), 10/10 VUs, 236 complete and 0 interrupted iterations
warmup ✓ [ 100% ] 2 VUs      2m0s
main     [  53% ] 10/10 VUs  4m15.0s/8m00.0s

running (06m16.0s), 10/10 VUs, 238 complete and 0 interrupted iterations
warmup ✓ [ 100% ] 2 VUs      2m0s
main     [  53% ] 10/10 VUs  4m16.0s/8m00.0s

running (06m17.0s), 10/10 VUs, 240 complete and 0 interrupted iterations
warmup ✓ [ 100% ] 2 VUs      2m0s
main     [  54% ] 10/10 VUs  4m17.0s/8m00.0s

running (06m18.0s), 10/10 VUs, 240 complete and 0 interrupted iterations
warmup ✓ [ 100% ] 2 VUs      2m0s
main     [  54% ] 10/10 VUs  4m18.0s/8m00.0s

running (06m19.0s), 10/10 VUs, 240 complete and 0 interrupted iterations
warmup ✓ [ 100% ] 2 VUs      2m0s
main     [  54% ] 10/10 VUs  4m19.0s/8m00.0s

running (06m20.0s), 10/10 VUs, 242 complete and 0 interrupted iterations
warmup ✓ [ 100% ] 2 VUs      2m0s
main     [  54% ] 10/10 VUs  4m20.0s/8m00.0s

running (06m21.0s), 10/10 VUs, 242 complete and 0 interrupted iterations
warmup ✓ [ 100% ] 2 VUs      2m0s
main     [  54% ] 10/10 VUs  4m21.0s/8m00.0s

running (06m22.0s), 10/10 VUs, 244 complete and 0 interrupted iterations
warmup ✓ [ 100% ] 2 VUs      2m0s
main     [  55% ] 10/10 VUs  4m22.0s/8m00.0s

running (06m23.0s), 10/10 VUs, 244 complete and 0 interrupted iterations
warmup ✓ [ 100% ] 2 VUs      2m0s
main     [  55% ] 10/10 VUs  4m23.0s/8m00.0s

running (06m24.0s), 10/10 VUs, 246 complete and 0 interrupted iterations
warmup ✓ [ 100% ] 2 VUs      2m0s
main     [  55% ] 10/10 VUs  4m24.0s/8m00.0s

running (06m25.0s), 10/10 VUs, 249 complete and 0 interrupted iterations
warmup ✓ [ 100% ] 2 VUs      2m0s
main     [  55% ] 10/10 VUs  4m25.0s/8m00.0s

running (06m26.0s), 10/10 VUs, 250 complete and 0 interrupted iterations
warmup ✓ [ 100% ] 2 VUs      2m0s
main     [  55% ] 10/10 VUs  4m26.0s/8m00.0s

running (06m27.0s), 10/10 VUs, 250 complete and 0 interrupted iterations
warmup ✓ [ 100% ] 2 VUs      2m0s
main     [  56% ] 10/10 VUs  4m27.0s/8m00.0s

running (06m28.0s), 10/10 VUs, 250 complete and 0 interrupted iterations
warmup ✓ [ 100% ] 2 VUs      2m0s
main     [  56% ] 10/10 VUs  4m28.0s/8m00.0s

running (06m29.0s), 10/10 VUs, 252 complete and 0 interrupted iterations
warmup ✓ [ 100% ] 2 VUs      2m0s
main     [  56% ] 10/10 VUs  4m29.0s/8m00.0s

running (06m30.0s), 10/10 VUs, 252 complete and 0 interrupted iterations
warmup ✓ [ 100% ] 2 VUs      2m0s
main     [  56% ] 10/10 VUs  4m30.0s/8m00.0s

running (06m31.0s), 10/10 VUs, 253 complete and 0 interrupted iterations
warmup ✓ [ 100% ] 2 VUs      2m0s
main     [  56% ] 10/10 VUs  4m31.0s/8m00.0s

running (06m32.0s), 10/10 VUs, 256 complete and 0 interrupted iterations
warmup ✓ [ 100% ] 2 VUs      2m0s
main     [  57% ] 10/10 VUs  4m32.0s/8m00.0s

running (06m33.0s), 10/10 VUs, 258 complete and 0 interrupted iterations
warmup ✓ [ 100% ] 2 VUs      2m0s
main     [  57% ] 10/10 VUs  4m33.0s/8m00.0s

running (06m34.0s), 10/10 VUs, 258 complete and 0 interrupted iterations
warmup ✓ [ 100% ] 2 VUs      2m0s
main     [  57% ] 10/10 VUs  4m34.0s/8m00.0s

running (06m35.0s), 10/10 VUs, 259 complete and 0 interrupted iterations
warmup ✓ [ 100% ] 2 VUs      2m0s
main     [  57% ] 10/10 VUs  4m35.0s/8m00.0s

running (06m36.0s), 10/10 VUs, 259 complete and 0 interrupted iterations
warmup ✓ [ 100% ] 2 VUs      2m0s
main     [  57% ] 10/10 VUs  4m36.0s/8m00.0s

running (06m37.0s), 10/10 VUs, 260 complete and 0 interrupted iterations
warmup ✓ [ 100% ] 2 VUs      2m0s
main     [  58% ] 10/10 VUs  4m37.0s/8m00.0s

running (06m38.0s), 10/10 VUs, 262 complete and 0 interrupted iterations
warmup ✓ [ 100% ] 2 VUs      2m0s
main     [  58% ] 10/10 VUs  4m38.0s/8m00.0s

running (06m39.0s), 10/10 VUs, 263 complete and 0 interrupted iterations
warmup ✓ [ 100% ] 2 VUs      2m0s
main     [  58% ] 10/10 VUs  4m39.0s/8m00.0s

running (06m40.0s), 10/10 VUs, 263 complete and 0 interrupted iterations
warmup ✓ [ 100% ] 2 VUs      2m0s
main     [  58% ] 10/10 VUs  4m40.0s/8m00.0s

running (06m41.0s), 10/10 VUs, 267 complete and 0 interrupted iterations
warmup ✓ [ 100% ] 2 VUs      2m0s
main     [  59% ] 10/10 VUs  4m41.0s/8m00.0s

running (06m42.0s), 10/10 VUs, 267 complete and 0 interrupted iterations
warmup ✓ [ 100% ] 2 VUs      2m0s
main     [  59% ] 10/10 VUs  4m42.0s/8m00.0s

running (06m43.0s), 10/10 VUs, 268 complete and 0 interrupted iterations
warmup ✓ [ 100% ] 2 VUs      2m0s
main     [  59% ] 10/10 VUs  4m43.0s/8m00.0s

running (06m44.0s), 10/10 VUs, 268 complete and 0 interrupted iterations
warmup ✓ [ 100% ] 2 VUs      2m0s
main     [  59% ] 10/10 VUs  4m44.0s/8m00.0s

running (06m45.0s), 10/10 VUs, 269 complete and 0 interrupted iterations
warmup ✓ [ 100% ] 2 VUs      2m0s
main     [  59% ] 10/10 VUs  4m45.0s/8m00.0s

running (06m46.0s), 10/10 VUs, 270 complete and 0 interrupted iterations
warmup ✓ [ 100% ] 2 VUs      2m0s
main     [  60% ] 10/10 VUs  4m46.0s/8m00.0s

running (06m47.0s), 10/10 VUs, 272 complete and 0 interrupted iterations
warmup ✓ [ 100% ] 2 VUs      2m0s
main     [  60% ] 10/10 VUs  4m47.0s/8m00.0s

running (06m48.0s), 10/10 VUs, 272 complete and 0 interrupted iterations
warmup ✓ [ 100% ] 2 VUs      2m0s
main     [  60% ] 10/10 VUs  4m48.0s/8m00.0s

running (06m49.0s), 10/10 VUs, 274 complete and 0 interrupted iterations
warmup ✓ [ 100% ] 2 VUs      2m0s
main     [  60% ] 10/10 VUs  4m49.0s/8m00.0s

running (06m50.0s), 10/10 VUs, 277 complete and 0 interrupted iterations
warmup ✓ [ 100% ] 2 VUs      2m0s
main     [  60% ] 10/10 VUs  4m50.0s/8m00.0s

running (06m51.0s), 10/10 VUs, 277 complete and 0 interrupted iterations
warmup ✓ [ 100% ] 2 VUs      2m0s
main     [  61% ] 10/10 VUs  4m51.0s/8m00.0s

running (06m52.0s), 10/10 VUs, 278 complete and 0 interrupted iterations
warmup ✓ [ 100% ] 2 VUs      2m0s
main     [  61% ] 10/10 VUs  4m52.0s/8m00.0s

running (06m53.0s), 10/10 VUs, 278 complete and 0 interrupted iterations
warmup ✓ [ 100% ] 2 VUs      2m0s
main     [  61% ] 10/10 VUs  4m53.0s/8m00.0s

running (06m54.0s), 10/10 VUs, 279 complete and 0 interrupted iterations
warmup ✓ [ 100% ] 2 VUs      2m0s
main     [  61% ] 10/10 VUs  4m54.0s/8m00.0s

running (06m55.0s), 10/10 VUs, 281 complete and 0 interrupted iterations
warmup ✓ [ 100% ] 2 VUs      2m0s
main     [  61% ] 10/10 VUs  4m55.0s/8m00.0s

running (06m56.0s), 10/10 VUs, 283 complete and 0 interrupted iterations
warmup ✓ [ 100% ] 2 VUs      2m0s
main     [  62% ] 10/10 VUs  4m56.0s/8m00.0s

running (06m57.0s), 10/10 VUs, 285 complete and 0 interrupted iterations
warmup ✓ [ 100% ] 2 VUs      2m0s
main     [  62% ] 10/10 VUs  4m57.0s/8m00.0s

running (06m58.0s), 10/10 VUs, 286 complete and 0 interrupted iterations
warmup ✓ [ 100% ] 2 VUs      2m0s
main     [  62% ] 10/10 VUs  4m58.0s/8m00.0s

running (06m59.0s), 10/10 VUs, 287 complete and 0 interrupted iterations
warmup ✓ [ 100% ] 2 VUs      2m0s
main     [  62% ] 10/10 VUs  4m59.0s/8m00.0s

running (07m00.0s), 10/10 VUs, 288 complete and 0 interrupted iterations
warmup ✓ [ 100% ] 2 VUs      2m0s
main     [  62% ] 10/10 VUs  5m00.0s/8m00.0s

running (07m01.0s), 10/10 VUs, 288 complete and 0 interrupted iterations
warmup ✓ [ 100% ] 2 VUs      2m0s
main     [  63% ] 10/10 VUs  5m01.0s/8m00.0s

running (07m02.0s), 10/10 VUs, 288 complete and 0 interrupted iterations
warmup ✓ [ 100% ] 2 VUs      2m0s
main     [  63% ] 10/10 VUs  5m02.0s/8m00.0s

running (07m03.0s), 10/10 VUs, 289 complete and 0 interrupted iterations
warmup ✓ [ 100% ] 2 VUs      2m0s
main     [  63% ] 10/10 VUs  5m03.0s/8m00.0s

running (07m04.0s), 10/10 VUs, 290 complete and 0 interrupted iterations
warmup ✓ [ 100% ] 2 VUs      2m0s
main     [  63% ] 10/10 VUs  5m04.0s/8m00.0s

running (07m05.0s), 10/10 VUs, 293 complete and 0 interrupted iterations
warmup ✓ [ 100% ] 2 VUs      2m0s
main     [  64% ] 10/10 VUs  5m05.0s/8m00.0s

running (07m06.0s), 10/10 VUs, 296 complete and 0 interrupted iterations
warmup ✓ [ 100% ] 2 VUs      2m0s
main     [  64% ] 10/10 VUs  5m06.0s/8m00.0s

running (07m07.0s), 10/10 VUs, 296 complete and 0 interrupted iterations
warmup ✓ [ 100% ] 2 VUs      2m0s
main     [  64% ] 10/10 VUs  5m07.0s/8m00.0s

running (07m08.0s), 10/10 VUs, 296 complete and 0 interrupted iterations
warmup ✓ [ 100% ] 2 VUs      2m0s
main     [  64% ] 10/10 VUs  5m08.0s/8m00.0s

running (07m09.0s), 10/10 VUs, 297 complete and 0 interrupted iterations
warmup ✓ [ 100% ] 2 VUs      2m0s
main     [  64% ] 10/10 VUs  5m09.0s/8m00.0s

running (07m10.0s), 10/10 VUs, 298 complete and 0 interrupted iterations
warmup ✓ [ 100% ] 2 VUs      2m0s
main     [  65% ] 10/10 VUs  5m10.0s/8m00.0s

running (07m11.0s), 10/10 VUs, 298 complete and 0 interrupted iterations
warmup ✓ [ 100% ] 2 VUs      2m0s
main     [  65% ] 10/10 VUs  5m11.0s/8m00.0s

running (07m12.0s), 10/10 VUs, 300 complete and 0 interrupted iterations
warmup ✓ [ 100% ] 2 VUs      2m0s
main     [  65% ] 10/10 VUs  5m12.0s/8m00.0s

running (07m13.0s), 10/10 VUs, 302 complete and 0 interrupted iterations
warmup ✓ [ 100% ] 2 VUs      2m0s
main     [  65% ] 10/10 VUs  5m13.0s/8m00.0s

running (07m14.0s), 10/10 VUs, 304 complete and 0 interrupted iterations
warmup ✓ [ 100% ] 2 VUs      2m0s
main     [  65% ] 10/10 VUs  5m14.0s/8m00.0s

running (07m15.0s), 10/10 VUs, 304 complete and 0 interrupted iterations
warmup ✓ [ 100% ] 2 VUs      2m0s
main     [  66% ] 10/10 VUs  5m15.0s/8m00.0s

running (07m16.0s), 10/10 VUs, 306 complete and 0 interrupted iterations
warmup ✓ [ 100% ] 2 VUs      2m0s
main     [  66% ] 10/10 VUs  5m16.0s/8m00.0s

running (07m17.0s), 10/10 VUs, 307 complete and 0 interrupted iterations
warmup ✓ [ 100% ] 2 VUs      2m0s
main     [  66% ] 10/10 VUs  5m17.0s/8m00.0s

running (07m18.0s), 10/10 VUs, 307 complete and 0 interrupted iterations
warmup ✓ [ 100% ] 2 VUs      2m0s
main     [  66% ] 10/10 VUs  5m18.0s/8m00.0s

running (07m19.0s), 10/10 VUs, 309 complete and 0 interrupted iterations
warmup ✓ [ 100% ] 2 VUs      2m0s
main     [  66% ] 10/10 VUs  5m19.0s/8m00.0s

running (07m20.0s), 10/10 VUs, 309 complete and 0 interrupted iterations
warmup ✓ [ 100% ] 2 VUs      2m0s
main     [  67% ] 10/10 VUs  5m20.0s/8m00.0s

running (07m21.0s), 10/10 VUs, 310 complete and 0 interrupted iterations
warmup ✓ [ 100% ] 2 VUs      2m0s
main     [  67% ] 10/10 VUs  5m21.0s/8m00.0s

running (07m22.0s), 10/10 VUs, 311 complete and 0 interrupted iterations
warmup ✓ [ 100% ] 2 VUs      2m0s
main     [  67% ] 10/10 VUs  5m22.0s/8m00.0s

running (07m23.0s), 10/10 VUs, 313 complete and 0 interrupted iterations
warmup ✓ [ 100% ] 2 VUs      2m0s
main     [  67% ] 10/10 VUs  5m23.0s/8m00.0s

running (07m24.0s), 10/10 VUs, 313 complete and 0 interrupted iterations
warmup ✓ [ 100% ] 2 VUs      2m0s
main     [  67% ] 10/10 VUs  5m24.0s/8m00.0s

running (07m25.0s), 10/10 VUs, 316 complete and 0 interrupted iterations
warmup ✓ [ 100% ] 2 VUs      2m0s
main     [  68% ] 10/10 VUs  5m25.0s/8m00.0s

running (07m26.0s), 10/10 VUs, 318 complete and 0 interrupted iterations
warmup ✓ [ 100% ] 2 VUs      2m0s
main     [  68% ] 10/10 VUs  5m26.0s/8m00.0s

running (07m27.0s), 10/10 VUs, 318 complete and 0 interrupted iterations
warmup ✓ [ 100% ] 2 VUs      2m0s
main     [  68% ] 10/10 VUs  5m27.0s/8m00.0s

running (07m28.0s), 10/10 VUs, 318 complete and 0 interrupted iterations
warmup ✓ [ 100% ] 2 VUs      2m0s
main     [  68% ] 10/10 VUs  5m28.0s/8m00.0s

running (07m29.0s), 10/10 VUs, 320 complete and 0 interrupted iterations
warmup ✓ [ 100% ] 2 VUs      2m0s
main     [  69% ] 10/10 VUs  5m29.0s/8m00.0s

running (07m30.0s), 10/10 VUs, 321 complete and 0 interrupted iterations
warmup ✓ [ 100% ] 2 VUs      2m0s
main     [  69% ] 10/10 VUs  5m30.0s/8m00.0s

running (07m31.0s), 10/10 VUs, 323 complete and 0 interrupted iterations
warmup ✓ [ 100% ] 2 VUs      2m0s
main     [  69% ] 10/10 VUs  5m31.0s/8m00.0s

running (07m32.0s), 10/10 VUs, 325 complete and 0 interrupted iterations
warmup ✓ [ 100% ] 2 VUs      2m0s
main     [  69% ] 10/10 VUs  5m32.0s/8m00.0s

running (07m33.0s), 10/10 VUs, 327 complete and 0 interrupted iterations
warmup ✓ [ 100% ] 2 VUs      2m0s
main     [  69% ] 10/10 VUs  5m33.0s/8m00.0s

running (07m34.0s), 10/10 VUs, 328 complete and 0 interrupted iterations
warmup ✓ [ 100% ] 2 VUs      2m0s
main     [  70% ] 10/10 VUs  5m34.0s/8m00.0s

running (07m35.0s), 10/10 VUs, 328 complete and 0 interrupted iterations
warmup ✓ [ 100% ] 2 VUs      2m0s
main     [  70% ] 10/10 VUs  5m35.0s/8m00.0s

running (07m36.0s), 10/10 VUs, 328 complete and 0 interrupted iterations
warmup ✓ [ 100% ] 2 VUs      2m0s
main     [  70% ] 10/10 VUs  5m36.0s/8m00.0s

running (07m37.0s), 10/10 VUs, 328 complete and 0 interrupted iterations
warmup ✓ [ 100% ] 2 VUs      2m0s
main     [  70% ] 10/10 VUs  5m37.0s/8m00.0s

running (07m38.0s), 10/10 VUs, 330 complete and 0 interrupted iterations
warmup ✓ [ 100% ] 2 VUs      2m0s
main     [  70% ] 10/10 VUs  5m38.0s/8m00.0s

running (07m39.0s), 10/10 VUs, 331 complete and 0 interrupted iterations
warmup ✓ [ 100% ] 2 VUs      2m0s
main     [  71% ] 10/10 VUs  5m39.0s/8m00.0s

running (07m40.0s), 10/10 VUs, 332 complete and 0 interrupted iterations
warmup ✓ [ 100% ] 2 VUs      2m0s
main     [  71% ] 10/10 VUs  5m40.0s/8m00.0s

running (07m41.0s), 10/10 VUs, 335 complete and 0 interrupted iterations
warmup ✓ [ 100% ] 2 VUs      2m0s
main     [  71% ] 10/10 VUs  5m41.0s/8m00.0s

running (07m42.0s), 10/10 VUs, 336 complete and 0 interrupted iterations
warmup ✓ [ 100% ] 2 VUs      2m0s
main     [  71% ] 10/10 VUs  5m42.0s/8m00.0s

running (07m43.0s), 10/10 VUs, 338 complete and 0 interrupted iterations
warmup ✓ [ 100% ] 2 VUs      2m0s
main     [  71% ] 10/10 VUs  5m43.0s/8m00.0s

running (07m44.0s), 10/10 VUs, 338 complete and 0 interrupted iterations
warmup ✓ [ 100% ] 2 VUs      2m0s
main     [  72% ] 10/10 VUs  5m44.0s/8m00.0s

running (07m45.0s), 10/10 VUs, 338 complete and 0 interrupted iterations
warmup ✓ [ 100% ] 2 VUs      2m0s
main     [  72% ] 10/10 VUs  5m45.0s/8m00.0s

running (07m46.0s), 10/10 VUs, 339 complete and 0 interrupted iterations
warmup ✓ [ 100% ] 2 VUs      2m0s
main     [  72% ] 10/10 VUs  5m46.0s/8m00.0s

running (07m47.0s), 10/10 VUs, 339 complete and 0 interrupted iterations
warmup ✓ [ 100% ] 2 VUs      2m0s
main     [  72% ] 10/10 VUs  5m47.0s/8m00.0s

running (07m48.0s), 10/10 VUs, 342 complete and 0 interrupted iterations
warmup ✓ [ 100% ] 2 VUs      2m0s
main     [  72% ] 10/10 VUs  5m48.0s/8m00.0s

running (07m49.0s), 10/10 VUs, 343 complete and 0 interrupted iterations
warmup ✓ [ 100% ] 2 VUs      2m0s
main     [  73% ] 10/10 VUs  5m49.0s/8m00.0s

running (07m50.0s), 10/10 VUs, 345 complete and 0 interrupted iterations
warmup ✓ [ 100% ] 2 VUs      2m0s
main     [  73% ] 10/10 VUs  5m50.0s/8m00.0s

running (07m51.0s), 10/10 VUs, 346 complete and 0 interrupted iterations
warmup ✓ [ 100% ] 2 VUs      2m0s
main     [  73% ] 10/10 VUs  5m51.0s/8m00.0s

running (07m52.0s), 10/10 VUs, 347 complete and 0 interrupted iterations
warmup ✓ [ 100% ] 2 VUs      2m0s
main     [  73% ] 10/10 VUs  5m52.0s/8m00.0s

running (07m53.0s), 10/10 VUs, 348 complete and 0 interrupted iterations
warmup ✓ [ 100% ] 2 VUs      2m0s
main     [  74% ] 10/10 VUs  5m53.0s/8m00.0s

running (07m54.0s), 10/10 VUs, 348 complete and 0 interrupted iterations
warmup ✓ [ 100% ] 2 VUs      2m0s
main     [  74% ] 10/10 VUs  5m54.0s/8m00.0s

running (07m55.0s), 10/10 VUs, 349 complete and 0 interrupted iterations
warmup ✓ [ 100% ] 2 VUs      2m0s
main     [  74% ] 10/10 VUs  5m55.0s/8m00.0s

running (07m56.0s), 10/10 VUs, 351 complete and 0 interrupted iterations
warmup ✓ [ 100% ] 2 VUs      2m0s
main     [  74% ] 10/10 VUs  5m56.0s/8m00.0s

running (07m57.0s), 10/10 VUs, 352 complete and 0 interrupted iterations
warmup ✓ [ 100% ] 2 VUs      2m0s
main     [  74% ] 10/10 VUs  5m57.0s/8m00.0s

running (07m58.0s), 10/10 VUs, 353 complete and 0 interrupted iterations
warmup ✓ [ 100% ] 2 VUs      2m0s
main     [  75% ] 10/10 VUs  5m58.0s/8m00.0s

running (07m59.0s), 10/10 VUs, 356 complete and 0 interrupted iterations
warmup ✓ [ 100% ] 2 VUs      2m0s
main     [  75% ] 10/10 VUs  5m59.0s/8m00.0s

running (08m00.0s), 10/10 VUs, 356 complete and 0 interrupted iterations
warmup ✓ [ 100% ] 2 VUs      2m0s
main     [  75% ] 10/10 VUs  6m00.0s/8m00.0s

running (08m01.0s), 10/10 VUs, 357 complete and 0 interrupted iterations
warmup ✓ [ 100% ] 2 VUs      2m0s
main     [  75% ] 10/10 VUs  6m01.0s/8m00.0s

running (08m02.0s), 10/10 VUs, 358 complete and 0 interrupted iterations
warmup ✓ [ 100% ] 2 VUs      2m0s
main     [  75% ] 10/10 VUs  6m02.0s/8m00.0s

running (08m03.0s), 10/10 VUs, 358 complete and 0 interrupted iterations
warmup ✓ [ 100% ] 2 VUs      2m0s
main     [  76% ] 10/10 VUs  6m03.0s/8m00.0s

running (08m04.0s), 10/10 VUs, 359 complete and 0 interrupted iterations
warmup ✓ [ 100% ] 2 VUs      2m0s
main     [  76% ] 10/10 VUs  6m04.0s/8m00.0s

running (08m05.0s), 10/10 VUs, 362 complete and 0 interrupted iterations
warmup ✓ [ 100% ] 2 VUs      2m0s
main     [  76% ] 10/10 VUs  6m05.0s/8m00.0s

running (08m06.0s), 10/10 VUs, 363 complete and 0 interrupted iterations
warmup ✓ [ 100% ] 2 VUs      2m0s
main     [  76% ] 10/10 VUs  6m06.0s/8m00.0s

running (08m07.0s), 10/10 VUs, 364 complete and 0 interrupted iterations
warmup ✓ [ 100% ] 2 VUs      2m0s
main     [  76% ] 10/10 VUs  6m07.0s/8m00.0s

running (08m08.0s), 10/10 VUs, 365 complete and 0 interrupted iterations
warmup ✓ [ 100% ] 2 VUs      2m0s
main     [  77% ] 10/10 VUs  6m08.0s/8m00.0s

running (08m09.0s), 10/10 VUs, 367 complete and 0 interrupted iterations
warmup ✓ [ 100% ] 2 VUs      2m0s
main     [  77% ] 10/10 VUs  6m09.0s/8m00.0s

running (08m10.0s), 10/10 VUs, 367 complete and 0 interrupted iterations
warmup ✓ [ 100% ] 2 VUs      2m0s
main     [  77% ] 10/10 VUs  6m10.0s/8m00.0s

running (08m11.0s), 10/10 VUs, 369 complete and 0 interrupted iterations
warmup ✓ [ 100% ] 2 VUs      2m0s
main     [  77% ] 10/10 VUs  6m11.0s/8m00.0s

running (08m12.0s), 10/10 VUs, 369 complete and 0 interrupted iterations
warmup ✓ [ 100% ] 2 VUs      2m0s
main     [  77% ] 10/10 VUs  6m12.0s/8m00.0s

running (08m13.0s), 10/10 VUs, 370 complete and 0 interrupted iterations
warmup ✓ [ 100% ] 2 VUs      2m0s
main     [  78% ] 10/10 VUs  6m13.0s/8m00.0s

running (08m14.0s), 10/10 VUs, 370 complete and 0 interrupted iterations
warmup ✓ [ 100% ] 2 VUs      2m0s
main     [  78% ] 10/10 VUs  6m14.0s/8m00.0s

running (08m15.0s), 10/10 VUs, 372 complete and 0 interrupted iterations
warmup ✓ [ 100% ] 2 VUs      2m0s
main     [  78% ] 10/10 VUs  6m15.0s/8m00.0s

running (08m16.0s), 10/10 VUs, 373 complete and 0 interrupted iterations
warmup ✓ [ 100% ] 2 VUs      2m0s
main     [  78% ] 10/10 VUs  6m16.0s/8m00.0s

running (08m17.0s), 10/10 VUs, 376 complete and 0 interrupted iterations
warmup ✓ [ 100% ] 2 VUs      2m0s
main     [  79% ] 10/10 VUs  6m17.0s/8m00.0s

running (08m18.0s), 10/10 VUs, 377 complete and 0 interrupted iterations
warmup ✓ [ 100% ] 2 VUs      2m0s
main     [  79% ] 10/10 VUs  6m18.0s/8m00.0s

running (08m19.0s), 10/10 VUs, 377 complete and 0 interrupted iterations
warmup ✓ [ 100% ] 2 VUs      2m0s
main     [  79% ] 10/10 VUs  6m19.0s/8m00.0s

running (08m20.0s), 10/10 VUs, 378 complete and 0 interrupted iterations
warmup ✓ [ 100% ] 2 VUs      2m0s
main     [  79% ] 10/10 VUs  6m20.0s/8m00.0s

running (08m21.0s), 10/10 VUs, 379 complete and 0 interrupted iterations
warmup ✓ [ 100% ] 2 VUs      2m0s
main     [  79% ] 10/10 VUs  6m21.0s/8m00.0s

running (08m22.0s), 10/10 VUs, 379 complete and 0 interrupted iterations
warmup ✓ [ 100% ] 2 VUs      2m0s
main     [  80% ] 10/10 VUs  6m22.0s/8m00.0s

running (08m23.0s), 10/10 VUs, 379 complete and 0 interrupted iterations
warmup ✓ [ 100% ] 2 VUs      2m0s
main     [  80% ] 10/10 VUs  6m23.0s/8m00.0s

running (08m24.0s), 10/10 VUs, 381 complete and 0 interrupted iterations
warmup ✓ [ 100% ] 2 VUs      2m0s
main     [  80% ] 10/10 VUs  6m24.0s/8m00.0s

running (08m25.0s), 10/10 VUs, 382 complete and 0 interrupted iterations
warmup ✓ [ 100% ] 2 VUs      2m0s
main     [  80% ] 10/10 VUs  6m25.0s/8m00.0s

running (08m26.0s), 10/10 VUs, 386 complete and 0 interrupted iterations
warmup ✓ [ 100% ] 2 VUs      2m0s
main     [  80% ] 10/10 VUs  6m26.0s/8m00.0s

running (08m27.0s), 10/10 VUs, 387 complete and 0 interrupted iterations
warmup ✓ [ 100% ] 2 VUs      2m0s
main     [  81% ] 10/10 VUs  6m27.0s/8m00.0s

running (08m28.0s), 10/10 VUs, 387 complete and 0 interrupted iterations
warmup ✓ [ 100% ] 2 VUs      2m0s
main     [  81% ] 10/10 VUs  6m28.0s/8m00.0s

running (08m29.0s), 10/10 VUs, 387 complete and 0 interrupted iterations
warmup ✓ [ 100% ] 2 VUs      2m0s
main     [  81% ] 10/10 VUs  6m29.0s/8m00.0s

running (08m30.0s), 10/10 VUs, 388 complete and 0 interrupted iterations
warmup ✓ [ 100% ] 2 VUs      2m0s
main     [  81% ] 10/10 VUs  6m30.0s/8m00.0s

running (08m31.0s), 10/10 VUs, 389 complete and 0 interrupted iterations
warmup ✓ [ 100% ] 2 VUs      2m0s
main     [  81% ] 10/10 VUs  6m31.0s/8m00.0s

running (08m32.0s), 10/10 VUs, 390 complete and 0 interrupted iterations
warmup ✓ [ 100% ] 2 VUs      2m0s
main     [  82% ] 10/10 VUs  6m32.0s/8m00.0s

running (08m33.0s), 10/10 VUs, 390 complete and 0 interrupted iterations
warmup ✓ [ 100% ] 2 VUs      2m0s
main     [  82% ] 10/10 VUs  6m33.0s/8m00.0s

running (08m34.0s), 10/10 VUs, 390 complete and 0 interrupted iterations
warmup ✓ [ 100% ] 2 VUs      2m0s
main     [  82% ] 10/10 VUs  6m34.0s/8m00.0s

running (08m35.0s), 10/10 VUs, 395 complete and 0 interrupted iterations
warmup ✓ [ 100% ] 2 VUs      2m0s
main     [  82% ] 10/10 VUs  6m35.0s/8m00.0s

running (08m36.0s), 10/10 VUs, 395 complete and 0 interrupted iterations
warmup ✓ [ 100% ] 2 VUs      2m0s
main     [  82% ] 10/10 VUs  6m36.0s/8m00.0s

running (08m37.0s), 10/10 VUs, 397 complete and 0 interrupted iterations
warmup ✓ [ 100% ] 2 VUs      2m0s
main     [  83% ] 10/10 VUs  6m37.0s/8m00.0s

running (08m38.0s), 10/10 VUs, 397 complete and 0 interrupted iterations
warmup ✓ [ 100% ] 2 VUs      2m0s
main     [  83% ] 10/10 VUs  6m38.0s/8m00.0s

running (08m39.0s), 10/10 VUs, 398 complete and 0 interrupted iterations
warmup ✓ [ 100% ] 2 VUs      2m0s
main     [  83% ] 10/10 VUs  6m39.0s/8m00.0s

running (08m40.0s), 10/10 VUs, 398 complete and 0 interrupted iterations
warmup ✓ [ 100% ] 2 VUs      2m0s
main     [  83% ] 10/10 VUs  6m40.0s/8m00.0s

running (08m41.0s), 10/10 VUs, 400 complete and 0 interrupted iterations
warmup ✓ [ 100% ] 2 VUs      2m0s
main     [  84% ] 10/10 VUs  6m41.0s/8m00.0s

running (08m42.0s), 10/10 VUs, 400 complete and 0 interrupted iterations
warmup ✓ [ 100% ] 2 VUs      2m0s
main     [  84% ] 10/10 VUs  6m42.0s/8m00.0s

running (08m43.0s), 10/10 VUs, 400 complete and 0 interrupted iterations
warmup ✓ [ 100% ] 2 VUs      2m0s
main     [  84% ] 10/10 VUs  6m43.0s/8m00.0s

running (08m44.0s), 10/10 VUs, 403 complete and 0 interrupted iterations
warmup ✓ [ 100% ] 2 VUs      2m0s
main     [  84% ] 10/10 VUs  6m44.0s/8m00.0s

running (08m45.0s), 10/10 VUs, 406 complete and 0 interrupted iterations
warmup ✓ [ 100% ] 2 VUs      2m0s
main     [  84% ] 10/10 VUs  6m45.0s/8m00.0s

running (08m46.0s), 10/10 VUs, 406 complete and 0 interrupted iterations
warmup ✓ [ 100% ] 2 VUs      2m0s
main     [  85% ] 10/10 VUs  6m46.0s/8m00.0s

running (08m47.0s), 10/10 VUs, 406 complete and 0 interrupted iterations
warmup ✓ [ 100% ] 2 VUs      2m0s
main     [  85% ] 10/10 VUs  6m47.0s/8m00.0s

running (08m48.0s), 10/10 VUs, 407 complete and 0 interrupted iterations
warmup ✓ [ 100% ] 2 VUs      2m0s
main     [  85% ] 10/10 VUs  6m48.0s/8m00.0s

running (08m49.0s), 10/10 VUs, 409 complete and 0 interrupted iterations
warmup ✓ [ 100% ] 2 VUs      2m0s
main     [  85% ] 10/10 VUs  6m49.0s/8m00.0s

running (08m50.0s), 10/10 VUs, 410 complete and 0 interrupted iterations
warmup ✓ [ 100% ] 2 VUs      2m0s
main     [  85% ] 10/10 VUs  6m50.0s/8m00.0s

running (08m51.0s), 10/10 VUs, 410 complete and 0 interrupted iterations
warmup ✓ [ 100% ] 2 VUs      2m0s
main     [  86% ] 10/10 VUs  6m51.0s/8m00.0s

running (08m52.0s), 10/10 VUs, 411 complete and 0 interrupted iterations
warmup ✓ [ 100% ] 2 VUs      2m0s
main     [  86% ] 10/10 VUs  6m52.0s/8m00.0s

running (08m53.0s), 10/10 VUs, 413 complete and 0 interrupted iterations
warmup ✓ [ 100% ] 2 VUs      2m0s
main     [  86% ] 10/10 VUs  6m53.0s/8m00.0s

running (08m54.0s), 10/10 VUs, 415 complete and 0 interrupted iterations
warmup ✓ [ 100% ] 2 VUs      2m0s
main     [  86% ] 10/10 VUs  6m54.0s/8m00.0s

running (08m55.0s), 10/10 VUs, 417 complete and 0 interrupted iterations
warmup ✓ [ 100% ] 2 VUs      2m0s
main     [  86% ] 10/10 VUs  6m55.0s/8m00.0s

running (08m56.0s), 10/10 VUs, 417 complete and 0 interrupted iterations
warmup ✓ [ 100% ] 2 VUs      2m0s
main     [  87% ] 10/10 VUs  6m56.0s/8m00.0s

running (08m57.0s), 10/10 VUs, 419 complete and 0 interrupted iterations
warmup ✓ [ 100% ] 2 VUs      2m0s
main     [  87% ] 10/10 VUs  6m57.0s/8m00.0s

running (08m58.0s), 10/10 VUs, 419 complete and 0 interrupted iterations
warmup ✓ [ 100% ] 2 VUs      2m0s
main     [  87% ] 10/10 VUs  6m58.0s/8m00.0s

running (08m59.0s), 10/10 VUs, 420 complete and 0 interrupted iterations
warmup ✓ [ 100% ] 2 VUs      2m0s
main     [  87% ] 10/10 VUs  6m59.0s/8m00.0s

running (09m00.0s), 10/10 VUs, 421 complete and 0 interrupted iterations
warmup ✓ [ 100% ] 2 VUs      2m0s
main     [  87% ] 10/10 VUs  7m00.0s/8m00.0s

running (09m01.0s), 10/10 VUs, 422 complete and 0 interrupted iterations
warmup ✓ [ 100% ] 2 VUs      2m0s
main     [  88% ] 10/10 VUs  7m01.0s/8m00.0s

running (09m02.0s), 10/10 VUs, 424 complete and 0 interrupted iterations
warmup ✓ [ 100% ] 2 VUs      2m0s
main     [  88% ] 10/10 VUs  7m02.0s/8m00.0s

running (09m03.0s), 10/10 VUs, 424 complete and 0 interrupted iterations
warmup ✓ [ 100% ] 2 VUs      2m0s
main     [  88% ] 10/10 VUs  7m03.0s/8m00.0s

running (09m04.0s), 10/10 VUs, 425 complete and 0 interrupted iterations
warmup ✓ [ 100% ] 2 VUs      2m0s
main     [  88% ] 10/10 VUs  7m04.0s/8m00.0s

running (09m05.0s), 10/10 VUs, 429 complete and 0 interrupted iterations
warmup ✓ [ 100% ] 2 VUs      2m0s
main     [  89% ] 10/10 VUs  7m05.0s/8m00.0s

running (09m06.0s), 10/10 VUs, 429 complete and 0 interrupted iterations
warmup ✓ [ 100% ] 2 VUs      2m0s
main     [  89% ] 10/10 VUs  7m06.0s/8m00.0s

running (09m07.0s), 10/10 VUs, 430 complete and 0 interrupted iterations
warmup ✓ [ 100% ] 2 VUs      2m0s
main     [  89% ] 10/10 VUs  7m07.0s/8m00.0s

running (09m08.0s), 10/10 VUs, 431 complete and 0 interrupted iterations
warmup ✓ [ 100% ] 2 VUs      2m0s
main     [  89% ] 10/10 VUs  7m08.0s/8m00.0s

running (09m09.0s), 10/10 VUs, 433 complete and 0 interrupted iterations
warmup ✓ [ 100% ] 2 VUs      2m0s
main     [  89% ] 10/10 VUs  7m09.0s/8m00.0s

running (09m10.0s), 10/10 VUs, 433 complete and 0 interrupted iterations
warmup ✓ [ 100% ] 2 VUs      2m0s
main     [  90% ] 10/10 VUs  7m10.0s/8m00.0s

running (09m11.0s), 10/10 VUs, 434 complete and 0 interrupted iterations
warmup ✓ [ 100% ] 2 VUs      2m0s
main     [  90% ] 10/10 VUs  7m11.0s/8m00.0s

running (09m12.0s), 10/10 VUs, 434 complete and 0 interrupted iterations
warmup ✓ [ 100% ] 2 VUs      2m0s
main     [  90% ] 10/10 VUs  7m12.0s/8m00.0s

running (09m13.0s), 09/10 VUs, 437 complete and 0 interrupted iterations
warmup ✓ [ 100% ] 2 VUs      2m0s
main     [  90% ] 09/10 VUs  7m13.0s/8m00.0s

running (09m14.0s), 09/10 VUs, 437 complete and 0 interrupted iterations
warmup ✓ [ 100% ] 2 VUs      2m0s
main     [  90% ] 09/10 VUs  7m14.0s/8m00.0s

running (09m15.0s), 08/10 VUs, 438 complete and 0 interrupted iterations
warmup ✓ [ 100% ] 2 VUs      2m0s
main     [  91% ] 08/10 VUs  7m15.0s/8m00.0s

running (09m16.0s), 08/10 VUs, 439 complete and 0 interrupted iterations
warmup ✓ [ 100% ] 2 VUs      2m0s
main     [  91% ] 08/10 VUs  7m16.0s/8m00.0s

running (09m17.0s), 08/10 VUs, 440 complete and 0 interrupted iterations
warmup ✓ [ 100% ] 2 VUs      2m0s
main     [  91% ] 08/10 VUs  7m17.0s/8m00.0s

running (09m18.0s), 08/10 VUs, 444 complete and 0 interrupted iterations
warmup ✓ [ 100% ] 2 VUs      2m0s
main     [  91% ] 08/10 VUs  7m18.0s/8m00.0s

running (09m19.0s), 08/10 VUs, 444 complete and 0 interrupted iterations
warmup ✓ [ 100% ] 2 VUs      2m0s
main     [  91% ] 08/10 VUs  7m19.0s/8m00.0s

running (09m20.0s), 08/10 VUs, 444 complete and 0 interrupted iterations
warmup ✓ [ 100% ] 2 VUs      2m0s
main     [  92% ] 08/10 VUs  7m20.0s/8m00.0s

running (09m21.0s), 07/10 VUs, 446 complete and 0 interrupted iterations
warmup ✓ [ 100% ] 2 VUs      2m0s
main     [  92% ] 07/10 VUs  7m21.0s/8m00.0s

running (09m22.0s), 07/10 VUs, 446 complete and 0 interrupted iterations
warmup ✓ [ 100% ] 2 VUs      2m0s
main     [  92% ] 07/10 VUs  7m22.0s/8m00.0s

running (09m23.0s), 07/10 VUs, 446 complete and 0 interrupted iterations
warmup ✓ [ 100% ] 2 VUs      2m0s
main     [  92% ] 07/10 VUs  7m23.0s/8m00.0s

running (09m24.0s), 07/10 VUs, 447 complete and 0 interrupted iterations
warmup ✓ [ 100% ] 2 VUs      2m0s
main     [  92% ] 07/10 VUs  7m24.0s/8m00.0s

running (09m25.0s), 07/10 VUs, 448 complete and 0 interrupted iterations
warmup ✓ [ 100% ] 2 VUs      2m0s
main     [  93% ] 07/10 VUs  7m25.0s/8m00.0s

running (09m26.0s), 07/10 VUs, 448 complete and 0 interrupted iterations
warmup ✓ [ 100% ] 2 VUs      2m0s
main     [  93% ] 07/10 VUs  7m26.0s/8m00.0s

running (09m27.0s), 07/10 VUs, 452 complete and 0 interrupted iterations
warmup ✓ [ 100% ] 2 VUs      2m0s
main     [  93% ] 07/10 VUs  7m27.0s/8m00.0s

running (09m28.0s), 07/10 VUs, 452 complete and 0 interrupted iterations
warmup ✓ [ 100% ] 2 VUs      2m0s
main     [  93% ] 07/10 VUs  7m28.0s/8m00.0s

running (09m29.0s), 06/10 VUs, 453 complete and 0 interrupted iterations
warmup ✓ [ 100% ] 2 VUs      2m0s
main     [  94% ] 06/10 VUs  7m29.0s/8m00.0s

running (09m30.0s), 06/10 VUs, 453 complete and 0 interrupted iterations
warmup ✓ [ 100% ] 2 VUs      2m0s
main     [  94% ] 06/10 VUs  7m30.0s/8m00.0s

running (09m31.0s), 06/10 VUs, 453 complete and 0 interrupted iterations
warmup ✓ [ 100% ] 2 VUs      2m0s
main     [  94% ] 06/10 VUs  7m31.0s/8m00.0s

running (09m32.0s), 06/10 VUs, 453 complete and 0 interrupted iterations
warmup ✓ [ 100% ] 2 VUs      2m0s
main     [  94% ] 06/10 VUs  7m32.0s/8m00.0s

running (09m33.0s), 06/10 VUs, 454 complete and 0 interrupted iterations
warmup ✓ [ 100% ] 2 VUs      2m0s
main     [  94% ] 06/10 VUs  7m33.0s/8m00.0s

running (09m34.0s), 06/10 VUs, 454 complete and 0 interrupted iterations
warmup ✓ [ 100% ] 2 VUs      2m0s
main     [  95% ] 06/10 VUs  7m34.0s/8m00.0s

running (09m35.0s), 05/10 VUs, 456 complete and 0 interrupted iterations
warmup ✓ [ 100% ] 2 VUs      2m0s
main     [  95% ] 05/10 VUs  7m35.0s/8m00.0s

running (09m36.0s), 05/10 VUs, 457 complete and 0 interrupted iterations
warmup ✓ [ 100% ] 2 VUs      2m0s
main     [  95% ] 05/10 VUs  7m36.0s/8m00.0s

running (09m37.0s), 05/10 VUs, 459 complete and 0 interrupted iterations
warmup ✓ [ 100% ] 2 VUs      2m0s
main     [  95% ] 05/10 VUs  7m37.0s/8m00.0s

running (09m38.0s), 05/10 VUs, 459 complete and 0 interrupted iterations
warmup ✓ [ 100% ] 2 VUs      2m0s
main     [  95% ] 05/10 VUs  7m38.0s/8m00.0s

running (09m39.0s), 05/10 VUs, 459 complete and 0 interrupted iterations
warmup ✓ [ 100% ] 2 VUs      2m0s
main     [  96% ] 05/10 VUs  7m39.0s/8m00.0s

running (09m40.0s), 05/10 VUs, 459 complete and 0 interrupted iterations
warmup ✓ [ 100% ] 2 VUs      2m0s
main     [  96% ] 05/10 VUs  7m40.0s/8m00.0s

running (09m41.0s), 05/10 VUs, 459 complete and 0 interrupted iterations
warmup ✓ [ 100% ] 2 VUs      2m0s
main     [  96% ] 05/10 VUs  7m41.0s/8m00.0s

running (09m42.0s), 05/10 VUs, 460 complete and 0 interrupted iterations
warmup ✓ [ 100% ] 2 VUs      2m0s
main     [  96% ] 05/10 VUs  7m42.0s/8m00.0s

running (09m43.0s), 04/10 VUs, 461 complete and 0 interrupted iterations
warmup ✓ [ 100% ] 2 VUs      2m0s
main     [  96% ] 04/10 VUs  7m43.0s/8m00.0s

running (09m44.0s), 03/10 VUs, 462 complete and 0 interrupted iterations
warmup ✓ [ 100% ] 2 VUs      2m0s
main     [  97% ] 03/10 VUs  7m44.0s/8m00.0s

running (09m45.0s), 03/10 VUs, 464 complete and 0 interrupted iterations
warmup ✓ [ 100% ] 2 VUs      2m0s
main     [  97% ] 03/10 VUs  7m45.0s/8m00.0s

running (09m46.0s), 03/10 VUs, 464 complete and 0 interrupted iterations
warmup ✓ [ 100% ] 2 VUs      2m0s
main     [  97% ] 03/10 VUs  7m46.0s/8m00.0s

running (09m47.0s), 03/10 VUs, 464 complete and 0 interrupted iterations
warmup ✓ [ 100% ] 2 VUs      2m0s
main     [  97% ] 03/10 VUs  7m47.0s/8m00.0s

running (09m48.0s), 03/10 VUs, 464 complete and 0 interrupted iterations
warmup ✓ [ 100% ] 2 VUs      2m0s
main     [  97% ] 03/10 VUs  7m48.0s/8m00.0s

running (09m49.0s), 03/10 VUs, 464 complete and 0 interrupted iterations
warmup ✓ [ 100% ] 2 VUs      2m0s
main     [  98% ] 03/10 VUs  7m49.0s/8m00.0s

running (09m50.0s), 03/10 VUs, 464 complete and 0 interrupted iterations
warmup ✓ [ 100% ] 2 VUs      2m0s
main     [  98% ] 03/10 VUs  7m50.0s/8m00.0s

running (09m51.0s), 02/10 VUs, 465 complete and 0 interrupted iterations
warmup ✓ [ 100% ] 2 VUs      2m0s
main     [  98% ] 02/10 VUs  7m51.0s/8m00.0s

running (09m52.0s), 02/10 VUs, 466 complete and 0 interrupted iterations
warmup ✓ [ 100% ] 2 VUs      2m0s
main     [  98% ] 02/10 VUs  7m52.0s/8m00.0s

running (09m53.0s), 02/10 VUs, 466 complete and 0 interrupted iterations
warmup ✓ [ 100% ] 2 VUs      2m0s
main     [  99% ] 02/10 VUs  7m53.0s/8m00.0s

running (09m54.0s), 02/10 VUs, 467 complete and 0 interrupted iterations
warmup ✓ [ 100% ] 2 VUs      2m0s
main     [  99% ] 02/10 VUs  7m54.0s/8m00.0s

running (09m55.0s), 02/10 VUs, 467 complete and 0 interrupted iterations
warmup ✓ [ 100% ] 2 VUs      2m0s
main     [  99% ] 02/10 VUs  7m55.0s/8m00.0s

running (09m56.0s), 02/10 VUs, 467 complete and 0 interrupted iterations
warmup ✓ [ 100% ] 2 VUs      2m0s
main     [  99% ] 02/10 VUs  7m56.0s/8m00.0s

running (09m57.0s), 02/10 VUs, 467 complete and 0 interrupted iterations
warmup ✓ [ 100% ] 2 VUs      2m0s
main     [  99% ] 02/10 VUs  7m57.0s/8m00.0s

running (09m58.0s), 02/10 VUs, 467 complete and 0 interrupted iterations
warmup ✓ [ 100% ] 2 VUs      2m0s
main     [ 100% ] 02/10 VUs  7m58.0s/8m00.0s

running (09m59.0s), 02/10 VUs, 467 complete and 0 interrupted iterations
warmup ✓ [ 100% ] 2 VUs      2m0s
main     [ 100% ] 02/10 VUs  7m59.0s/8m00.0s

running (10m00.0s), 02/10 VUs, 468 complete and 0 interrupted iterations
warmup ✓ [ 100% ] 2 VUs      2m0s
main     [ 100% ] 02/10 VUs  8m00.0s/8m00.0s

running (10m01.0s), 02/10 VUs, 468 complete and 0 interrupted iterations
warmup ✓ [ 100% ] 2 VUs      2m0s
main   ↓ [ 100% ] 02/10 VUs  8m0s

running (10m02.0s), 02/10 VUs, 468 complete and 0 interrupted iterations
warmup ✓ [ 100% ] 2 VUs      2m0s
main   ↓ [ 100% ] 02/10 VUs  8m0s

running (10m03.0s), 01/10 VUs, 469 complete and 0 interrupted iterations
warmup ✓ [ 100% ] 2 VUs      2m0s
main   ↓ [ 100% ] 02/10 VUs  8m0s

running (10m04.0s), 01/10 VUs, 469 complete and 0 interrupted iterations
warmup ✓ [ 100% ] 2 VUs      2m0s
main   ↓ [ 100% ] 02/10 VUs  8m0s

running (10m05.0s), 01/10 VUs, 469 complete and 0 interrupted iterations
warmup ✓ [ 100% ] 2 VUs      2m0s
main   ↓ [ 100% ] 02/10 VUs  8m0s

running (10m06.0s), 01/10 VUs, 469 complete and 0 interrupted iterations
warmup ✓ [ 100% ] 2 VUs      2m0s
main   ↓ [ 100% ] 02/10 VUs  8m0s

running (10m07.0s), 01/10 VUs, 469 complete and 0 interrupted iterations
warmup ✓ [ 100% ] 2 VUs      2m0s
main   ↓ [ 100% ] 02/10 VUs  8m0s

running (10m08.0s), 01/10 VUs, 469 complete and 0 interrupted iterations
warmup ✓ [ 100% ] 2 VUs      2m0s
main   ↓ [ 100% ] 02/10 VUs  8m0s

running (10m09.0s), 01/10 VUs, 469 complete and 0 interrupted iterations
warmup ✓ [ 100% ] 2 VUs      2m0s
main   ↓ [ 100% ] 02/10 VUs  8m0s


  █ THRESHOLDS 

    http_req_duration{scenario:main}
    ✓ 'p(95)<5000' p(95)=328.7ms
    ✓ 'p(99)<10000' p(99)=411.21ms

    http_req_failed{scenario:main}
    ✓ 'rate<0.01' rate=0.00%

    transaction_duration{scenario:main}
    ✓ 'p(95)<15000' p(95)=10.64s
    ✓ 'p(99)<25000' p(99)=11.26s

    transaction_success{scenario:main}
    ✓ 'rate>0.95' rate=100.00%


  █ TOTAL RESULTS 

    CUSTOM
    transaction_duration...........: avg=8.87s    min=5.68s    med=8.92s    max=11.79s   p(90)=10.34s   p(95)=10.63s  
      { scenario:main }............: avg=8.88s    min=5.68s    med=8.91s    max=11.79s   p(90)=10.34s   p(95)=10.64s  
    transaction_success............: 100.00% 470 out of 470
      { scenario:main }............: 100.00% 441 out of 441

    HTTP
    http_req_duration..............: avg=236.48ms min=172.45ms med=216.78ms max=580.04ms p(90)=321.21ms p(95)=330.76ms
      { expected_response:true }...: avg=236.48ms min=172.45ms med=216.78ms max=580.04ms p(90)=321.21ms p(95)=330.76ms
      { scenario:main }............: avg=235.93ms min=172.45ms med=217.68ms max=580.04ms p(90)=319.94ms p(95)=328.7ms 
    http_req_failed................: 0.00%   0 out of 1890
      { scenario:main }............: 0.00%   0 out of 1772
    http_reqs......................: 1890    3.099368/s

    EXECUTION
    iteration_duration.............: avg=8.87s    min=5.68s    med=8.92s    max=11.79s   p(90)=10.34s   p(95)=10.63s  
    iterations.....................: 470     0.770742/s
    vus............................: 1       min=0          max=10
    vus_max........................: 10      min=10         max=10

    NETWORK
    data_received..................: 9.3 MB  15 kB/s
    data_sent......................: 8.8 MB  14 kB/s




running (10m09.8s), 00/10 VUs, 470 complete and 0 interrupted iterations
warmup ✓ [ 100% ] 2 VUs      2m0s
main   ✓ [ 100% ] 00/10 VUs  8m0s
